#
# A fatal error has been detected by the Java Runtime Environment:
#
#  SIGSEGV (0xb) at pc=0xb6d7769a, pid=3790, tid=1851345728
#
# JRE version: 6.0_45-b06
# Java VM: Java HotSpot(TM) Server VM (20.45-b01 mixed mode linux-x86 )
# Problematic frame:
# V  [libjvm.so+0x3e369a]  java_lang_String::utf8_length(oopDesc*)+0x3a
#
# If you would like to submit a bug report, please visit:
#   http://java.sun.com/webapps/bugreport/crash.jsp
#

---------------  T H R E A D  ---------------

Current thread (0xb67c8400):  JavaThread "JDWP Transport Listener: dt_socket" daemon [_thread_in_vm, id=3809, stack(0x6e544000,0x6e595000)]

siginfo:si_signo=SIGSEGV: si_errno=0, si_code=1 (SEGV_MAPERR), si_addr=0x00000004

Registers:
EAX=0xb71a19e8, EBX=0xb7198cc8, ECX=0x00000010, EDX=0xa0c47b38
ESP=0x6e593ca0, EBP=0x6e593cb8, ESI=0x00000000, EDI=0x00000000
EIP=0xb6d7769a, EFLAGS=0x00010206, CR2=0x00000004

Top of Stack: (sp=0x6e593ca0)
0x6e593ca0:   b67c8400 00000000 b6d7766b b7198cc8
0x6e593cb0:   b67c8400 a0c47b38 6e593d28 b6da01e8
0x6e593cc0:   a0c47b38 00000000 00000008 b6da0129
0x6e593cd0:   b67c8400 6e417d48 b67c8520 6e593ce0
0x6e593ce0:   b67c8400 00000000 6e593d28 b68920c9
0x6e593cf0:   b67c8400 00000001 b6753394 b689e438
0x6e593d00:   b67c8400 6e593ef0 6e593d28 b688123c
0x6e593d10:   6de997a4 6e593ef0 00000000 b689e438 

Instructions: (pc=0xb6d7769a)
0xb6d7767a:   00 8b 55 08 8b 30 8b 83 b4 12 00 00 8d 3c 16 8b
0xb6d7768a:   37 8b 38 8d 04 17 8b 38 8b 83 d4 21 00 00 8b 08
0xb6d7769a:   8b 46 04 01 ca 83 c0 08 8b 0a 80 78 05 05 74 0a
0xb6d776aa:   89 c8 8d 65 f4 5b 5e 5f 5d c3 85 c9 8d 54 7e 0c 

Register to memory mapping:

EAX=0xb71a19e8: <offset 0x80d9e8> in /usr/lib/jvm/java-6-oracle/jre/lib/i386/server/libjvm.so at 0xb6994000
EBX=0xb7198cc8: <offset 0x804cc8> in /usr/lib/jvm/java-6-oracle/jre/lib/i386/server/libjvm.so at 0xb6994000
ECX=0x00000010 is an unknown value
EDX=0xa0c47b38 is an oop
java.lang.String 
 - klass: 'java/lang/String'
ESP=0x6e593ca0 is pointing into the stack for thread: 0xb67c8400
EBP=0x6e593cb8 is pointing into the stack for thread: 0xb67c8400
ESI=0x00000000 is an unknown value
EDI=0x00000000 is an unknown value


Stack: [0x6e544000,0x6e595000],  sp=0x6e593ca0,  free space=319k
Native frames: (J=compiled Java code, j=interpreted, Vv=VM code, C=native code)
V  [libjvm.so+0x3e369a]  java_lang_String::utf8_length(oopDesc*)+0x3a
V  [libjvm.so+0x40c1e8]  unsigned+0xd8
C  [libjdwp.so+0x9de1]  void+0x91
C  [libjdwp.so+0x13143]  double+0x233
C  [libjdwp.so+0x27fd5]  char+0x75
C  [libjdwp.so+0x282d3]  signed char+0x33
V  [libjvm.so+0x4fa629]  JvmtiAgentThread::start_function_wrapper(JavaThread*, Thread*)+0x79
V  [libjvm.so+0x6e495f]  JavaThread::run()+0x11f
V  [libjvm.so+0x5e4dae]  java_start(Thread*)+0x14e
C  [libpthread.so.0+0x6f70]  short+0xd0


---------------  P R O C E S S  ---------------

Java Threads: ( => current thread )
  0x6ea0c800 JavaThread "qtp27253500-26" [_thread_blocked, id=3863, stack(0x53faf000,0x54000000)]
  0x6b7fd400 JavaThread "qtp27253500-25" [_thread_blocked, id=3849, stack(0x69b0d000,0x69b5e000)]
  0x66ff9800 JavaThread "qtp27253500-24" [_thread_blocked, id=3848, stack(0x69b5e000,0x69baf000)]
  0x637b1800 JavaThread "qtp27253500-22" [_thread_blocked, id=3846, stack(0x6a80d000,0x6a85e000)]
  0x6b897c00 JavaThread "qtp27253500-21" [_thread_blocked, id=3845, stack(0x6a85e000,0x6a8af000)]
  0x674f4000 JavaThread "qtp27253500-20" [_thread_blocked, id=3844, stack(0x6a8af000,0x6a900000)]
  0x64a90400 JavaThread "qtp27253500-19 Acceptor0 SelectChannelConnector@0.0.0.0:8081" [_thread_in_native, id=3843, stack(0x6ab0d000,0x6ab5e000)]
  0x6d232000 JavaThread "qtp27253500-18 Selector0" [_thread_in_native, id=3842, stack(0x6ab5e000,0x6abaf000)]
  0x5966e400 JavaThread "org.eclipse.jetty.util.RolloverFileOutputStream" daemon [_thread_blocked, id=3841, stack(0x6abaf000,0x6ac00000)]
  0x679f9c00 JavaThread "Abandoned connection cleanup thread" daemon [_thread_blocked, id=3829, stack(0x6b526000,0x6b577000)]
  0x6b469800 JavaThread "HashSessionScavenger-0" daemon [_thread_blocked, id=3827, stack(0x6e02c000,0x6e07d000)]
  0xb67d0000 JavaThread "Low Memory Detector" daemon [_thread_blocked, id=3817, stack(0x6e30d000,0x6e35e000)]
  0xb67ce400 JavaThread "C2 CompilerThread1" daemon [_thread_blocked, id=3816, stack(0x6e0fe000,0x6e17f000)]
  0xb67cc400 JavaThread "C2 CompilerThread0" daemon [_thread_blocked, id=3815, stack(0x6e17f000,0x6e200000)]
  0x6e400c00 JavaThread "JDWP Command Reader" daemon [_thread_in_native, id=3811, stack(0x6e35e000,0x6e3af000)]
  0xb67cac00 JavaThread "JDWP Event Helper Thread" daemon [_thread_blocked, id=3810, stack(0x6e3af000,0x6e400000)]
=>0xb67c8400 JavaThread "JDWP Transport Listener: dt_socket" daemon [_thread_in_vm, id=3809, stack(0x6e544000,0x6e595000)]
  0xb67c0000 JavaThread "Signal Dispatcher" daemon [_thread_blocked, id=3807, stack(0x6e595000,0x6e5e6000)]
  0xb67aac00 JavaThread "Finalizer" daemon [_thread_blocked, id=3805, stack(0x6e92e000,0x6e97f000)]
  0xb67a9400 JavaThread "Reference Handler" daemon [_thread_blocked, id=3804, stack(0x6ec2e000,0x6ec7f000)]
  0xb6706c00 JavaThread "main" [_thread_blocked, id=3796, stack(0xb68fd000,0xb694e000)]

Other Threads:
  0xb67a5800 VMThread [stack: 0x6e5e6000,0x6e667000] [id=3803]
  0xb67d2000 WatcherThread [stack: 0x6e07d000,0x6e0fe000] [id=3818]

VM state:not at safepoint (normal execution)

VM Mutex/Monitor currently owned by a thread: None

Heap
 PSYoungGen      total 296064K, used 116383K [0x9dd80000, 0xb32d0000, 0xb32d0000)
  eden space 250560K, 32% used [0x9dd80000,0xa2bd9df0,0xad230000)
  from space 45504K, 79% used [0xb0660000,0xb29ae0a8,0xb32d0000)
  to   space 49472K, 0% used [0xad230000,0xad230000,0xb0280000)
 PSOldGen        total 116800K, used 63545K [0x732d0000, 0x7a4e0000, 0x9dd80000)
  object space 116800K, 54% used [0x732d0000,0x770de5b8,0x7a4e0000)
 PSPermGen       total 39168K, used 39157K [0x6f2d0000, 0x71910000, 0x732d0000)
  object space 39168K, 99% used [0x6f2d0000,0x7190d468,0x71910000)

Code Cache  [0xb339b000, 0xb3963000, 0xb639b000)
 total_blobs=1783 nmethods=1616 adapters=128 free_code_cache=44337920 largest_free_block=12864

Dynamic libraries:
08048000-08052000 r-xp 00000000 08:07 1319626    /usr/lib/jvm/java-6-oracle/bin/java
08052000-08053000 rwxp 00009000 08:07 1319626    /usr/lib/jvm/java-6-oracle/bin/java
08be0000-08c9c000 rwxp 00000000 00:00 0          [heap]
51800000-518f8000 rwxp 00000000 00:00 0 
518f8000-51900000 ---p 00000000 00:00 0 
51a00000-51c00000 rwxp 00000000 00:00 0 
51c00000-51e00000 rwxp 00000000 00:00 0 
51e00000-51f00000 rwxp 00000000 00:00 0 
52100000-521fd000 rwxp 00000000 00:00 0 
521fd000-52200000 ---p 00000000 00:00 0 
523cc000-524fc000 r-xp 00000000 08:07 12063944   /usr/lib/i386-linux-gnu/libX11.so.6.3.0
524fc000-524fd000 r-xp 00130000 08:07 12063944   /usr/lib/i386-linux-gnu/libX11.so.6.3.0
524fd000-524ff000 rwxp 00131000 08:07 12063944   /usr/lib/i386-linux-gnu/libX11.so.6.3.0
524ff000-52500000 rwxp 00000000 00:00 0 
52500000-525e8000 rwxp 00000000 00:00 0 
525e8000-52600000 ---p 00000000 00:00 0 
52700000-52900000 rwxp 00000000 00:00 0 
52900000-52a00000 rwxp 00000000 00:00 0 
52a50000-52ad5000 r-xp 00000000 08:07 789107     /usr/lib/jvm/java-6-oracle/jre/lib/i386/libawt.so
52ad5000-52adc000 rwxp 00085000 08:07 789107     /usr/lib/jvm/java-6-oracle/jre/lib/i386/libawt.so
52adc000-52b00000 rwxp 00000000 00:00 0 
52b00000-52bfc000 rwxp 00000000 00:00 0 
52bfc000-52c00000 ---p 00000000 00:00 0 
52c00000-52cd8000 rwxp 00000000 00:00 0 
52cd8000-52d00000 ---p 00000000 00:00 0 
52d00000-52df0000 rwxp 00000000 00:00 0 
52df0000-52e00000 ---p 00000000 00:00 0 
52e00000-52f00000 rwxp 00000000 00:00 0 
52f00000-530ff000 rwxp 00000000 00:00 0 
530ff000-53100000 ---p 00000000 00:00 0 
53100000-53300000 rwxp 00000000 00:00 0 
53300000-534e4000 rwxp 00000000 00:00 0 
534e4000-53500000 ---p 00000000 00:00 0 
53500000-535ec000 rwxp 00000000 00:00 0 
535ec000-53600000 ---p 00000000 00:00 0 
53600000-536d2000 rwxp 00000000 00:00 0 
536d2000-53700000 ---p 00000000 00:00 0 
53700000-537f0000 rwxp 00000000 00:00 0 
537f0000-53800000 ---p 00000000 00:00 0 
53800000-538ef000 rwxp 00000000 00:00 0 
538ef000-53900000 ---p 00000000 00:00 0 
53900000-539fd000 rwxp 00000000 00:00 0 
539fd000-53a00000 ---p 00000000 00:00 0 
53a00000-53afd000 rwxp 00000000 00:00 0 
53afd000-53b00000 ---p 00000000 00:00 0 
53b00000-53bfc000 rwxp 00000000 00:00 0 
53bfc000-53c00000 ---p 00000000 00:00 0 
53c00000-53cf1000 rwxp 00000000 00:00 0 
53cf1000-53d00000 ---p 00000000 00:00 0 
53d00000-53de3000 rwxp 00000000 00:00 0 
53de3000-53e00000 ---p 00000000 00:00 0 
53e00000-53eff000 rwxp 00000000 00:00 0 
53eff000-53f00000 ---p 00000000 00:00 0 
53f23000-53f43000 r-xp 00000000 08:07 12065012   /usr/lib/i386-linux-gnu/libxcb.so.1.1.0
53f43000-53f44000 r-xp 0001f000 08:07 12065012   /usr/lib/i386-linux-gnu/libxcb.so.1.1.0
53f44000-53f45000 rwxp 00020000 08:07 12065012   /usr/lib/i386-linux-gnu/libxcb.so.1.1.0
53f45000-53f54000 r-xp 00000000 08:07 12063969   /usr/lib/i386-linux-gnu/libXi.so.6.1.0
53f54000-53f55000 r-xp 0000e000 08:07 12063969   /usr/lib/i386-linux-gnu/libXi.so.6.1.0
53f55000-53f56000 rwxp 0000f000 08:07 12063969   /usr/lib/i386-linux-gnu/libXi.so.6.1.0
53f56000-53f67000 r-xp 00000000 08:07 12063961   /usr/lib/i386-linux-gnu/libXext.so.6.4.0
53f67000-53f68000 r-xp 00010000 08:07 12063961   /usr/lib/i386-linux-gnu/libXext.so.6.4.0
53f68000-53f69000 rwxp 00011000 08:07 12063961   /usr/lib/i386-linux-gnu/libXext.so.6.4.0
53f69000-53fac000 r-xp 00000000 08:07 789160     /usr/lib/jvm/java-6-oracle/jre/lib/i386/xawt/libmawt.so
53fac000-53fae000 rwxp 00043000 08:07 789160     /usr/lib/jvm/java-6-oracle/jre/lib/i386/xawt/libmawt.so
53fae000-53faf000 rwxp 00000000 00:00 0 
53faf000-53fb2000 ---p 00000000 00:00 0 
53fb2000-54000000 rwxp 00000000 00:00 0          [stack:3863]
54000000-540f9000 rwxp 00000000 00:00 0 
540f9000-54100000 ---p 00000000 00:00 0 
54100000-541f9000 rwxp 00000000 00:00 0 
541f9000-54200000 ---p 00000000 00:00 0 
54200000-542f9000 rwxp 00000000 00:00 0 
542f9000-54300000 ---p 00000000 00:00 0 
54300000-543f9000 rwxp 00000000 00:00 0 
543f9000-54400000 ---p 00000000 00:00 0 
54400000-544f9000 rwxp 00000000 00:00 0 
544f9000-54500000 ---p 00000000 00:00 0 
54500000-545f9000 rwxp 00000000 00:00 0 
545f9000-54600000 ---p 00000000 00:00 0 
54600000-546f9000 rwxp 00000000 00:00 0 
546f9000-54700000 ---p 00000000 00:00 0 
54700000-547f9000 rwxp 00000000 00:00 0 
547f9000-54800000 ---p 00000000 00:00 0 
54800000-548f9000 rwxp 00000000 00:00 0 
548f9000-54900000 ---p 00000000 00:00 0 
54900000-549f9000 rwxp 00000000 00:00 0 
549f9000-54a00000 ---p 00000000 00:00 0 
54a00000-54af9000 rwxp 00000000 00:00 0 
54af9000-54b00000 ---p 00000000 00:00 0 
54b00000-54bf9000 rwxp 00000000 00:00 0 
54bf9000-54c00000 ---p 00000000 00:00 0 
54c00000-54cf9000 rwxp 00000000 00:00 0 
54cf9000-54d00000 ---p 00000000 00:00 0 
54d00000-54df9000 rwxp 00000000 00:00 0 
54df9000-54e00000 ---p 00000000 00:00 0 
54e00000-54ef9000 rwxp 00000000 00:00 0 
54ef9000-54f00000 ---p 00000000 00:00 0 
54f00000-54ff9000 rwxp 00000000 00:00 0 
54ff9000-55000000 ---p 00000000 00:00 0 
55000000-550f9000 rwxp 00000000 00:00 0 
550f9000-55100000 ---p 00000000 00:00 0 
55100000-551f9000 rwxp 00000000 00:00 0 
551f9000-55200000 ---p 00000000 00:00 0 
55200000-552f9000 rwxp 00000000 00:00 0 
552f9000-55300000 ---p 00000000 00:00 0 
55300000-553f9000 rwxp 00000000 00:00 0 
553f9000-55400000 ---p 00000000 00:00 0 
55400000-554f9000 rwxp 00000000 00:00 0 
554f9000-55500000 ---p 00000000 00:00 0 
55500000-555f9000 rwxp 00000000 00:00 0 
555f9000-55600000 ---p 00000000 00:00 0 
55600000-556f9000 rwxp 00000000 00:00 0 
556f9000-55700000 ---p 00000000 00:00 0 
55700000-557f9000 rwxp 00000000 00:00 0 
557f9000-55800000 ---p 00000000 00:00 0 
55800000-558f9000 rwxp 00000000 00:00 0 
558f9000-55900000 ---p 00000000 00:00 0 
55900000-559f9000 rwxp 00000000 00:00 0 
559f9000-55a00000 ---p 00000000 00:00 0 
55a00000-55af9000 rwxp 00000000 00:00 0 
55af9000-55b00000 ---p 00000000 00:00 0 
55b00000-55bf9000 rwxp 00000000 00:00 0 
55bf9000-55c00000 ---p 00000000 00:00 0 
55c00000-55cf9000 rwxp 00000000 00:00 0 
55cf9000-55d00000 ---p 00000000 00:00 0 
55d00000-55df9000 rwxp 00000000 00:00 0 
55df9000-55e00000 ---p 00000000 00:00 0 
55e00000-55ef9000 rwxp 00000000 00:00 0 
55ef9000-55f00000 ---p 00000000 00:00 0 
55f00000-55ff9000 rwxp 00000000 00:00 0 
55ff9000-56000000 ---p 00000000 00:00 0 
56000000-560f9000 rwxp 00000000 00:00 0 
560f9000-56100000 ---p 00000000 00:00 0 
56100000-561f9000 rwxp 00000000 00:00 0 
561f9000-56200000 ---p 00000000 00:00 0 
56200000-562f9000 rwxp 00000000 00:00 0 
562f9000-56300000 ---p 00000000 00:00 0 
56300000-563f9000 rwxp 00000000 00:00 0 
563f9000-56400000 ---p 00000000 00:00 0 
56400000-564f9000 rwxp 00000000 00:00 0 
564f9000-56500000 ---p 00000000 00:00 0 
56500000-565f9000 rwxp 00000000 00:00 0 
565f9000-56600000 ---p 00000000 00:00 0 
56600000-566f9000 rwxp 00000000 00:00 0 
566f9000-56700000 ---p 00000000 00:00 0 
56700000-567f9000 rwxp 00000000 00:00 0 
567f9000-56800000 ---p 00000000 00:00 0 
56800000-568f9000 rwxp 00000000 00:00 0 
568f9000-56900000 ---p 00000000 00:00 0 
56900000-569f9000 rwxp 00000000 00:00 0 
569f9000-56a00000 ---p 00000000 00:00 0 
56a00000-56af9000 rwxp 00000000 00:00 0 
56af9000-56b00000 ---p 00000000 00:00 0 
56b00000-56bf9000 rwxp 00000000 00:00 0 
56bf9000-56c00000 ---p 00000000 00:00 0 
56c00000-56cf9000 rwxp 00000000 00:00 0 
56cf9000-56d00000 ---p 00000000 00:00 0 
56d00000-56df9000 rwxp 00000000 00:00 0 
56df9000-56e00000 ---p 00000000 00:00 0 
56e00000-56ef9000 rwxp 00000000 00:00 0 
56ef9000-56f00000 ---p 00000000 00:00 0 
56f00000-56ff9000 rwxp 00000000 00:00 0 
56ff9000-57000000 ---p 00000000 00:00 0 
57000000-570f9000 rwxp 00000000 00:00 0 
570f9000-57100000 ---p 00000000 00:00 0 
57100000-571f9000 rwxp 00000000 00:00 0 
571f9000-57200000 ---p 00000000 00:00 0 
57200000-572f9000 rwxp 00000000 00:00 0 
572f9000-57300000 ---p 00000000 00:00 0 
57300000-573f9000 rwxp 00000000 00:00 0 
573f9000-57400000 ---p 00000000 00:00 0 
57400000-574f9000 rwxp 00000000 00:00 0 
574f9000-57500000 ---p 00000000 00:00 0 
57500000-575f9000 rwxp 00000000 00:00 0 
575f9000-57600000 ---p 00000000 00:00 0 
57600000-576f9000 rwxp 00000000 00:00 0 
576f9000-57700000 ---p 00000000 00:00 0 
57700000-577f9000 rwxp 00000000 00:00 0 
577f9000-57800000 ---p 00000000 00:00 0 
57800000-578f9000 rwxp 00000000 00:00 0 
578f9000-57900000 ---p 00000000 00:00 0 
57900000-579f9000 rwxp 00000000 00:00 0 
579f9000-57a00000 ---p 00000000 00:00 0 
57a00000-57af9000 rwxp 00000000 00:00 0 
57af9000-57b00000 ---p 00000000 00:00 0 
57b00000-57bf9000 rwxp 00000000 00:00 0 
57bf9000-57c00000 ---p 00000000 00:00 0 
57c00000-57cf9000 rwxp 00000000 00:00 0 
57cf9000-57d00000 ---p 00000000 00:00 0 
57d00000-57df9000 rwxp 00000000 00:00 0 
57df9000-57e00000 ---p 00000000 00:00 0 
57e00000-57ef9000 rwxp 00000000 00:00 0 
57ef9000-57f00000 ---p 00000000 00:00 0 
57f00000-57ff9000 rwxp 00000000 00:00 0 
57ff9000-58000000 ---p 00000000 00:00 0 
58000000-580f9000 rwxp 00000000 00:00 0 
580f9000-58100000 ---p 00000000 00:00 0 
58100000-581f9000 rwxp 00000000 00:00 0 
581f9000-58200000 ---p 00000000 00:00 0 
58200000-582f9000 rwxp 00000000 00:00 0 
582f9000-58300000 ---p 00000000 00:00 0 
58300000-583f9000 rwxp 00000000 00:00 0 
583f9000-58400000 ---p 00000000 00:00 0 
58400000-584f9000 rwxp 00000000 00:00 0 
584f9000-58500000 ---p 00000000 00:00 0 
58500000-585f9000 rwxp 00000000 00:00 0 
585f9000-58600000 ---p 00000000 00:00 0 
58600000-586f9000 rwxp 00000000 00:00 0 
586f9000-58700000 ---p 00000000 00:00 0 
58700000-587f9000 rwxp 00000000 00:00 0 
587f9000-58800000 ---p 00000000 00:00 0 
58800000-588f9000 rwxp 00000000 00:00 0 
588f9000-58900000 ---p 00000000 00:00 0 
58900000-589f9000 rwxp 00000000 00:00 0 
589f9000-58a00000 ---p 00000000 00:00 0 
58a00000-58af9000 rwxp 00000000 00:00 0 
58af9000-58b00000 ---p 00000000 00:00 0 
58b00000-58bf9000 rwxp 00000000 00:00 0 
58bf9000-58c00000 ---p 00000000 00:00 0 
58c00000-58cf9000 rwxp 00000000 00:00 0 
58cf9000-58d00000 ---p 00000000 00:00 0 
58d00000-58df9000 rwxp 00000000 00:00 0 
58df9000-58e00000 ---p 00000000 00:00 0 
58e00000-58ef9000 rwxp 00000000 00:00 0 
58ef9000-58f00000 ---p 00000000 00:00 0 
58f00000-58ff9000 rwxp 00000000 00:00 0 
58ff9000-59000000 ---p 00000000 00:00 0 
59000000-590f9000 rwxp 00000000 00:00 0 
590f9000-59100000 ---p 00000000 00:00 0 
59100000-591f9000 rwxp 00000000 00:00 0 
591f9000-59200000 ---p 00000000 00:00 0 
59200000-592f9000 rwxp 00000000 00:00 0 
592f9000-59300000 ---p 00000000 00:00 0 
59300000-593f9000 rwxp 00000000 00:00 0 
593f9000-59400000 ---p 00000000 00:00 0 
59400000-594f9000 rwxp 00000000 00:00 0 
594f9000-59500000 ---p 00000000 00:00 0 
59500000-595f9000 rwxp 00000000 00:00 0 
595f9000-59600000 ---p 00000000 00:00 0 
59600000-596f9000 rwxp 00000000 00:00 0 
596f9000-59700000 ---p 00000000 00:00 0 
59700000-597f9000 rwxp 00000000 00:00 0 
597f9000-59800000 ---p 00000000 00:00 0 
59800000-598f9000 rwxp 00000000 00:00 0 
598f9000-59900000 ---p 00000000 00:00 0 
59900000-599f9000 rwxp 00000000 00:00 0 
599f9000-59a00000 ---p 00000000 00:00 0 
59a00000-59af9000 rwxp 00000000 00:00 0 
59af9000-59b00000 ---p 00000000 00:00 0 
59b00000-59bf9000 rwxp 00000000 00:00 0 
59bf9000-59c00000 ---p 00000000 00:00 0 
59c00000-59cf9000 rwxp 00000000 00:00 0 
59cf9000-59d00000 ---p 00000000 00:00 0 
59d00000-59df9000 rwxp 00000000 00:00 0 
59df9000-59e00000 ---p 00000000 00:00 0 
59e00000-59ef9000 rwxp 00000000 00:00 0 
59ef9000-59f00000 ---p 00000000 00:00 0 
59f00000-59ff9000 rwxp 00000000 00:00 0 
59ff9000-5a000000 ---p 00000000 00:00 0 
5a000000-5a0f9000 rwxp 00000000 00:00 0 
5a0f9000-5a100000 ---p 00000000 00:00 0 
5a100000-5a1f9000 rwxp 00000000 00:00 0 
5a1f9000-5a200000 ---p 00000000 00:00 0 
5a200000-5a2f9000 rwxp 00000000 00:00 0 
5a2f9000-5a300000 ---p 00000000 00:00 0 
5a300000-5a3f9000 rwxp 00000000 00:00 0 
5a3f9000-5a400000 ---p 00000000 00:00 0 
5a400000-5a4fc000 rwxp 00000000 00:00 0 
5a4fc000-5a500000 ---p 00000000 00:00 0 
5a500000-5a5f9000 rwxp 00000000 00:00 0 
5a5f9000-5a600000 ---p 00000000 00:00 0 
5a600000-5a6f9000 rwxp 00000000 00:00 0 
5a6f9000-5a700000 ---p 00000000 00:00 0 
5a700000-5a7fe000 rwxp 00000000 00:00 0 
5a7fe000-5a800000 ---p 00000000 00:00 0 
5a800000-5a8f9000 rwxp 00000000 00:00 0 
5a8f9000-5a900000 ---p 00000000 00:00 0 
5a900000-5a9f9000 rwxp 00000000 00:00 0 
5a9f9000-5aa00000 ---p 00000000 00:00 0 
5aa00000-5aaf9000 rwxp 00000000 00:00 0 
5aaf9000-5ab00000 ---p 00000000 00:00 0 
5ab00000-5abf9000 rwxp 00000000 00:00 0 
5abf9000-5ac00000 ---p 00000000 00:00 0 
5ac00000-5acf9000 rwxp 00000000 00:00 0 
5acf9000-5ad00000 ---p 00000000 00:00 0 
5ad00000-5adf9000 rwxp 00000000 00:00 0 
5adf9000-5ae00000 ---p 00000000 00:00 0 
5ae00000-5aef9000 rwxp 00000000 00:00 0 
5aef9000-5af00000 ---p 00000000 00:00 0 
5af00000-5aff9000 rwxp 00000000 00:00 0 
5aff9000-5b000000 ---p 00000000 00:00 0 
5b000000-5b0f9000 rwxp 00000000 00:00 0 
5b0f9000-5b100000 ---p 00000000 00:00 0 
5b100000-5b1f9000 rwxp 00000000 00:00 0 
5b1f9000-5b200000 ---p 00000000 00:00 0 
5b200000-5b2f9000 rwxp 00000000 00:00 0 
5b2f9000-5b300000 ---p 00000000 00:00 0 
5b300000-5b3f9000 rwxp 00000000 00:00 0 
5b3f9000-5b400000 ---p 00000000 00:00 0 
5b400000-5b4f9000 rwxp 00000000 00:00 0 
5b4f9000-5b500000 ---p 00000000 00:00 0 
5b500000-5b5f9000 rwxp 00000000 00:00 0 
5b5f9000-5b600000 ---p 00000000 00:00 0 
5b600000-5b6f9000 rwxp 00000000 00:00 0 
5b6f9000-5b700000 ---p 00000000 00:00 0 
5b700000-5b7f9000 rwxp 00000000 00:00 0 
5b7f9000-5b800000 ---p 00000000 00:00 0 
5b800000-5b8f9000 rwxp 00000000 00:00 0 
5b8f9000-5b900000 ---p 00000000 00:00 0 
5b900000-5b9f9000 rwxp 00000000 00:00 0 
5b9f9000-5ba00000 ---p 00000000 00:00 0 
5ba00000-5baf9000 rwxp 00000000 00:00 0 
5baf9000-5bb00000 ---p 00000000 00:00 0 
5bb00000-5bbf9000 rwxp 00000000 00:00 0 
5bbf9000-5bc00000 ---p 00000000 00:00 0 
5bc00000-5bcf9000 rwxp 00000000 00:00 0 
5bcf9000-5bd00000 ---p 00000000 00:00 0 
5bd00000-5bdf9000 rwxp 00000000 00:00 0 
5bdf9000-5be00000 ---p 00000000 00:00 0 
5be00000-5bef9000 rwxp 00000000 00:00 0 
5bef9000-5bf00000 ---p 00000000 00:00 0 
5bf00000-5bff9000 rwxp 00000000 00:00 0 
5bff9000-5c000000 ---p 00000000 00:00 0 
5c000000-5c0f9000 rwxp 00000000 00:00 0 
5c0f9000-5c100000 ---p 00000000 00:00 0 
5c100000-5c1f9000 rwxp 00000000 00:00 0 
5c1f9000-5c200000 ---p 00000000 00:00 0 
5c200000-5c2f9000 rwxp 00000000 00:00 0 
5c2f9000-5c300000 ---p 00000000 00:00 0 
5c300000-5c3f9000 rwxp 00000000 00:00 0 
5c3f9000-5c400000 ---p 00000000 00:00 0 
5c400000-5c4f9000 rwxp 00000000 00:00 0 
5c4f9000-5c500000 ---p 00000000 00:00 0 
5c500000-5c5f9000 rwxp 00000000 00:00 0 
5c5f9000-5c600000 ---p 00000000 00:00 0 
5c600000-5c6f9000 rwxp 00000000 00:00 0 
5c6f9000-5c700000 ---p 00000000 00:00 0 
5c700000-5c7f9000 rwxp 00000000 00:00 0 
5c7f9000-5c800000 ---p 00000000 00:00 0 
5c800000-5c8f9000 rwxp 00000000 00:00 0 
5c8f9000-5c900000 ---p 00000000 00:00 0 
5c900000-5c9f9000 rwxp 00000000 00:00 0 
5c9f9000-5ca00000 ---p 00000000 00:00 0 
5ca00000-5caf9000 rwxp 00000000 00:00 0 
5caf9000-5cb00000 ---p 00000000 00:00 0 
5cb00000-5cbf9000 rwxp 00000000 00:00 0 
5cbf9000-5cc00000 ---p 00000000 00:00 0 
5cc00000-5ccf9000 rwxp 00000000 00:00 0 
5ccf9000-5cd00000 ---p 00000000 00:00 0 
5cd00000-5cdf9000 rwxp 00000000 00:00 0 
5cdf9000-5ce00000 ---p 00000000 00:00 0 
5ce00000-5cefc000 rwxp 00000000 00:00 0 
5cefc000-5cf00000 ---p 00000000 00:00 0 
5cf00000-5cffe000 rwxp 00000000 00:00 0 
5cffe000-5d000000 ---p 00000000 00:00 0 
5d000000-5d0fa000 rwxp 00000000 00:00 0 
5d0fa000-5d100000 ---p 00000000 00:00 0 
5d100000-5d1f9000 rwxp 00000000 00:00 0 
5d1f9000-5d200000 ---p 00000000 00:00 0 
5d200000-5d2fa000 rwxp 00000000 00:00 0 
5d2fa000-5d300000 ---p 00000000 00:00 0 
5d300000-5d3fa000 rwxp 00000000 00:00 0 
5d3fa000-5d400000 ---p 00000000 00:00 0 
5d400000-5d4fa000 rwxp 00000000 00:00 0 
5d4fa000-5d500000 ---p 00000000 00:00 0 
5d500000-5d5f9000 rwxp 00000000 00:00 0 
5d5f9000-5d600000 ---p 00000000 00:00 0 
5d600000-5d6fa000 rwxp 00000000 00:00 0 
5d6fa000-5d700000 ---p 00000000 00:00 0 
5d700000-5d7fa000 rwxp 00000000 00:00 0 
5d7fa000-5d800000 ---p 00000000 00:00 0 
5d800000-5d8fa000 rwxp 00000000 00:00 0 
5d8fa000-5d900000 ---p 00000000 00:00 0 
5d900000-5d9fa000 rwxp 00000000 00:00 0 
5d9fa000-5da00000 ---p 00000000 00:00 0 
5da00000-5dafa000 rwxp 00000000 00:00 0 
5dafa000-5db00000 ---p 00000000 00:00 0 
5db00000-5dbf9000 rwxp 00000000 00:00 0 
5dbf9000-5dc00000 ---p 00000000 00:00 0 
5dc00000-5dcfa000 rwxp 00000000 00:00 0 
5dcfa000-5dd00000 ---p 00000000 00:00 0 
5dd00000-5ddfa000 rwxp 00000000 00:00 0 
5ddfa000-5de00000 ---p 00000000 00:00 0 
5de00000-5defa000 rwxp 00000000 00:00 0 
5defa000-5df00000 ---p 00000000 00:00 0 
5df00000-5dff9000 rwxp 00000000 00:00 0 
5dff9000-5e000000 ---p 00000000 00:00 0 
5e000000-5e0fa000 rwxp 00000000 00:00 0 
5e0fa000-5e100000 ---p 00000000 00:00 0 
5e100000-5e1fa000 rwxp 00000000 00:00 0 
5e1fa000-5e200000 ---p 00000000 00:00 0 
5e200000-5e2f9000 rwxp 00000000 00:00 0 
5e2f9000-5e300000 ---p 00000000 00:00 0 
5e300000-5e3fa000 rwxp 00000000 00:00 0 
5e3fa000-5e400000 ---p 00000000 00:00 0 
5e400000-5e4fa000 rwxp 00000000 00:00 0 
5e4fa000-5e500000 ---p 00000000 00:00 0 
5e500000-5e5fa000 rwxp 00000000 00:00 0 
5e5fa000-5e600000 ---p 00000000 00:00 0 
5e600000-5e6f9000 rwxp 00000000 00:00 0 
5e6f9000-5e700000 ---p 00000000 00:00 0 
5e700000-5e7fa000 rwxp 00000000 00:00 0 
5e7fa000-5e800000 ---p 00000000 00:00 0 
5e800000-5e8fa000 rwxp 00000000 00:00 0 
5e8fa000-5e900000 ---p 00000000 00:00 0 
5e900000-5e9fa000 rwxp 00000000 00:00 0 
5e9fa000-5ea00000 ---p 00000000 00:00 0 
5ea00000-5eafa000 rwxp 00000000 00:00 0 
5eafa000-5eb00000 ---p 00000000 00:00 0 
5eb00000-5ebfa000 rwxp 00000000 00:00 0 
5ebfa000-5ec00000 ---p 00000000 00:00 0 
5ec00000-5ecfa000 rwxp 00000000 00:00 0 
5ecfa000-5ed00000 ---p 00000000 00:00 0 
5ed00000-5edf9000 rwxp 00000000 00:00 0 
5edf9000-5ee00000 ---p 00000000 00:00 0 
5ee00000-5eefa000 rwxp 00000000 00:00 0 
5eefa000-5ef00000 ---p 00000000 00:00 0 
5ef00000-5effa000 rwxp 00000000 00:00 0 
5effa000-5f000000 ---p 00000000 00:00 0 
5f000000-5f0f9000 rwxp 00000000 00:00 0 
5f0f9000-5f100000 ---p 00000000 00:00 0 
5f100000-5f1fa000 rwxp 00000000 00:00 0 
5f1fa000-5f200000 ---p 00000000 00:00 0 
5f200000-5f2fa000 rwxp 00000000 00:00 0 
5f2fa000-5f300000 ---p 00000000 00:00 0 
5f300000-5f3fa000 rwxp 00000000 00:00 0 
5f3fa000-5f400000 ---p 00000000 00:00 0 
5f400000-5f4fa000 rwxp 00000000 00:00 0 
5f4fa000-5f500000 ---p 00000000 00:00 0 
5f500000-5f5fa000 rwxp 00000000 00:00 0 
5f5fa000-5f600000 ---p 00000000 00:00 0 
5f600000-5f6fa000 rwxp 00000000 00:00 0 
5f6fa000-5f700000 ---p 00000000 00:00 0 
5f700000-5f7f9000 rwxp 00000000 00:00 0 
5f7f9000-5f800000 ---p 00000000 00:00 0 
5f800000-5f8fa000 rwxp 00000000 00:00 0 
5f8fa000-5f900000 ---p 00000000 00:00 0 
5f900000-5f9fa000 rwxp 00000000 00:00 0 
5f9fa000-5fa00000 ---p 00000000 00:00 0 
5fa00000-5fafa000 rwxp 00000000 00:00 0 
5fafa000-5fb00000 ---p 00000000 00:00 0 
5fb00000-5fbfa000 rwxp 00000000 00:00 0 
5fbfa000-5fc00000 ---p 00000000 00:00 0 
5fc00000-5fcfa000 rwxp 00000000 00:00 0 
5fcfa000-5fd00000 ---p 00000000 00:00 0 
5fd00000-5fdf9000 rwxp 00000000 00:00 0 
5fdf9000-5fe00000 ---p 00000000 00:00 0 
5fe00000-5fefa000 rwxp 00000000 00:00 0 
5fefa000-5ff00000 ---p 00000000 00:00 0 
5ff00000-5fffa000 rwxp 00000000 00:00 0 
5fffa000-60000000 ---p 00000000 00:00 0 
60000000-600f9000 rwxp 00000000 00:00 0 
600f9000-60100000 ---p 00000000 00:00 0 
60100000-601fa000 rwxp 00000000 00:00 0 
601fa000-60200000 ---p 00000000 00:00 0 
60200000-602fa000 rwxp 00000000 00:00 0 
602fa000-60300000 ---p 00000000 00:00 0 
60300000-603fa000 rwxp 00000000 00:00 0 
603fa000-60400000 ---p 00000000 00:00 0 
60400000-604fa000 rwxp 00000000 00:00 0 
604fa000-60500000 ---p 00000000 00:00 0 
60500000-605fa000 rwxp 00000000 00:00 0 
605fa000-60600000 ---p 00000000 00:00 0 
60600000-606f9000 rwxp 00000000 00:00 0 
606f9000-60700000 ---p 00000000 00:00 0 
60700000-607fa000 rwxp 00000000 00:00 0 
607fa000-60800000 ---p 00000000 00:00 0 
60800000-608fa000 rwxp 00000000 00:00 0 
608fa000-60900000 ---p 00000000 00:00 0 
60900000-609fa000 rwxp 00000000 00:00 0 
609fa000-60a00000 ---p 00000000 00:00 0 
60a00000-60afa000 rwxp 00000000 00:00 0 
60afa000-60b00000 ---p 00000000 00:00 0 
60b00000-60bfa000 rwxp 00000000 00:00 0 
60bfa000-60c00000 ---p 00000000 00:00 0 
60c00000-60cfa000 rwxp 00000000 00:00 0 
60cfa000-60d00000 ---p 00000000 00:00 0 
60d00000-60df9000 rwxp 00000000 00:00 0 
60df9000-60e00000 ---p 00000000 00:00 0 
60e00000-60efa000 rwxp 00000000 00:00 0 
60efa000-60f00000 ---p 00000000 00:00 0 
60f00000-60ffa000 rwxp 00000000 00:00 0 
60ffa000-61000000 ---p 00000000 00:00 0 
61000000-610fa000 rwxp 00000000 00:00 0 
610fa000-61100000 ---p 00000000 00:00 0 
61100000-611fa000 rwxp 00000000 00:00 0 
611fa000-61200000 ---p 00000000 00:00 0 
61200000-612fa000 rwxp 00000000 00:00 0 
612fa000-61300000 ---p 00000000 00:00 0 
61300000-613f9000 rwxp 00000000 00:00 0 
613f9000-61400000 ---p 00000000 00:00 0 
61400000-614f9000 rwxp 00000000 00:00 0 
614f9000-61500000 ---p 00000000 00:00 0 
61500000-615fa000 rwxp 00000000 00:00 0 
615fa000-61600000 ---p 00000000 00:00 0 
61600000-616fa000 rwxp 00000000 00:00 0 
616fa000-61700000 ---p 00000000 00:00 0 
61700000-617fa000 rwxp 00000000 00:00 0 
617fa000-61800000 ---p 00000000 00:00 0 
61800000-618f9000 rwxp 00000000 00:00 0 
618f9000-61900000 ---p 00000000 00:00 0 
61900000-619fa000 rwxp 00000000 00:00 0 
619fa000-61a00000 ---p 00000000 00:00 0 
61a00000-61afa000 rwxp 00000000 00:00 0 
61afa000-61b00000 ---p 00000000 00:00 0 
61b00000-61bfa000 rwxp 00000000 00:00 0 
61bfa000-61c00000 ---p 00000000 00:00 0 
61c00000-61cfa000 rwxp 00000000 00:00 0 
61cfa000-61d00000 ---p 00000000 00:00 0 
61d00000-61dfa000 rwxp 00000000 00:00 0 
61dfa000-61e00000 ---p 00000000 00:00 0 
61e00000-61efa000 rwxp 00000000 00:00 0 
61efa000-61f00000 ---p 00000000 00:00 0 
61f00000-61ff9000 rwxp 00000000 00:00 0 
61ff9000-62000000 ---p 00000000 00:00 0 
62000000-620fa000 rwxp 00000000 00:00 0 
620fa000-62100000 ---p 00000000 00:00 0 
62100000-621fa000 rwxp 00000000 00:00 0 
621fa000-62200000 ---p 00000000 00:00 0 
62200000-622fa000 rwxp 00000000 00:00 0 
622fa000-62300000 ---p 00000000 00:00 0 
62300000-623f9000 rwxp 00000000 00:00 0 
623f9000-62400000 ---p 00000000 00:00 0 
62400000-624fa000 rwxp 00000000 00:00 0 
624fa000-62500000 ---p 00000000 00:00 0 
62500000-625fa000 rwxp 00000000 00:00 0 
625fa000-62600000 ---p 00000000 00:00 0 
62600000-626f9000 rwxp 00000000 00:00 0 
626f9000-62700000 ---p 00000000 00:00 0 
62700000-627fa000 rwxp 00000000 00:00 0 
627fa000-62800000 ---p 00000000 00:00 0 
62800000-628fa000 rwxp 00000000 00:00 0 
628fa000-62900000 ---p 00000000 00:00 0 
62900000-629fa000 rwxp 00000000 00:00 0 
629fa000-62a00000 ---p 00000000 00:00 0 
62a00000-62af9000 rwxp 00000000 00:00 0 
62af9000-62b00000 ---p 00000000 00:00 0 
62b00000-62bfa000 rwxp 00000000 00:00 0 
62bfa000-62c00000 ---p 00000000 00:00 0 
62c00000-62cfa000 rwxp 00000000 00:00 0 
62cfa000-62d00000 ---p 00000000 00:00 0 
62d00000-62dfa000 rwxp 00000000 00:00 0 
62dfa000-62e00000 ---p 00000000 00:00 0 
62e00000-62efa000 rwxp 00000000 00:00 0 
62efa000-62f00000 ---p 00000000 00:00 0 
62f00000-62ffa000 rwxp 00000000 00:00 0 
62ffa000-63000000 ---p 00000000 00:00 0 
63000000-630fa000 rwxp 00000000 00:00 0 
630fa000-63100000 ---p 00000000 00:00 0 
63100000-631f9000 rwxp 00000000 00:00 0 
631f9000-63200000 ---p 00000000 00:00 0 
63200000-632fa000 rwxp 00000000 00:00 0 
632fa000-63300000 ---p 00000000 00:00 0 
63300000-633fa000 rwxp 00000000 00:00 0 
633fa000-63400000 ---p 00000000 00:00 0 
63400000-634fa000 rwxp 00000000 00:00 0 
634fa000-63500000 ---p 00000000 00:00 0 
63500000-635f9000 rwxp 00000000 00:00 0 
635f9000-63600000 ---p 00000000 00:00 0 
63600000-636fa000 rwxp 00000000 00:00 0 
636fa000-63700000 ---p 00000000 00:00 0 
63700000-637fa000 rwxp 00000000 00:00 0 
637fa000-63800000 ---p 00000000 00:00 0 
63800000-638f9000 rwxp 00000000 00:00 0 
638f9000-63900000 ---p 00000000 00:00 0 
63900000-639fa000 rwxp 00000000 00:00 0 
639fa000-63a00000 ---p 00000000 00:00 0 
63a00000-63afa000 rwxp 00000000 00:00 0 
63afa000-63b00000 ---p 00000000 00:00 0 
63b00000-63bfa000 rwxp 00000000 00:00 0 
63bfa000-63c00000 ---p 00000000 00:00 0 
63c00000-63cf9000 rwxp 00000000 00:00 0 
63cf9000-63d00000 ---p 00000000 00:00 0 
63d00000-63dfa000 rwxp 00000000 00:00 0 
63dfa000-63e00000 ---p 00000000 00:00 0 
63e00000-63efa000 rwxp 00000000 00:00 0 
63efa000-63f00000 ---p 00000000 00:00 0 
63f00000-63ffa000 rwxp 00000000 00:00 0 
63ffa000-64000000 ---p 00000000 00:00 0 
64000000-640f9000 rwxp 00000000 00:00 0 
640f9000-64100000 ---p 00000000 00:00 0 
64100000-641fa000 rwxp 00000000 00:00 0 
641fa000-64200000 ---p 00000000 00:00 0 
64200000-642fa000 rwxp 00000000 00:00 0 
642fa000-64300000 ---p 00000000 00:00 0 
64300000-643fa000 rwxp 00000000 00:00 0 
643fa000-64400000 ---p 00000000 00:00 0 
64400000-644f9000 rwxp 00000000 00:00 0 
644f9000-64500000 ---p 00000000 00:00 0 
64500000-645fa000 rwxp 00000000 00:00 0 
645fa000-64600000 ---p 00000000 00:00 0 
64600000-646fa000 rwxp 00000000 00:00 0 
646fa000-64700000 ---p 00000000 00:00 0 
64700000-647fa000 rwxp 00000000 00:00 0 
647fa000-64800000 ---p 00000000 00:00 0 
64800000-648fa000 rwxp 00000000 00:00 0 
648fa000-64900000 ---p 00000000 00:00 0 
64900000-649fa000 rwxp 00000000 00:00 0 
649fa000-64a00000 ---p 00000000 00:00 0 
64a00000-64afa000 rwxp 00000000 00:00 0 
64afa000-64b00000 ---p 00000000 00:00 0 
64b00000-64bf9000 rwxp 00000000 00:00 0 
64bf9000-64c00000 ---p 00000000 00:00 0 
64c00000-64cfa000 rwxp 00000000 00:00 0 
64cfa000-64d00000 ---p 00000000 00:00 0 
64d00000-64dfa000 rwxp 00000000 00:00 0 
64dfa000-64e00000 ---p 00000000 00:00 0 
64e00000-64efa000 rwxp 00000000 00:00 0 
64efa000-64f00000 ---p 00000000 00:00 0 
64f00000-64ff9000 rwxp 00000000 00:00 0 
64ff9000-65000000 ---p 00000000 00:00 0 
65000000-650fa000 rwxp 00000000 00:00 0 
650fa000-65100000 ---p 00000000 00:00 0 
65100000-651fa000 rwxp 00000000 00:00 0 
651fa000-65200000 ---p 00000000 00:00 0 
65200000-652fa000 rwxp 00000000 00:00 0 
652fa000-65300000 ---p 00000000 00:00 0 
65300000-653f9000 rwxp 00000000 00:00 0 
653f9000-65400000 ---p 00000000 00:00 0 
65400000-654fa000 rwxp 00000000 00:00 0 
654fa000-65500000 ---p 00000000 00:00 0 
65500000-655fa000 rwxp 00000000 00:00 0 
655fa000-65600000 ---p 00000000 00:00 0 
65600000-656f9000 rwxp 00000000 00:00 0 
656f9000-65700000 ---p 00000000 00:00 0 
65700000-657fa000 rwxp 00000000 00:00 0 
657fa000-65800000 ---p 00000000 00:00 0 
65800000-658fa000 rwxp 00000000 00:00 0 
658fa000-65900000 ---p 00000000 00:00 0 
65900000-659fa000 rwxp 00000000 00:00 0 
659fa000-65a00000 ---p 00000000 00:00 0 
65a00000-65af9000 rwxp 00000000 00:00 0 
65af9000-65b00000 ---p 00000000 00:00 0 
65b00000-65bfa000 rwxp 00000000 00:00 0 
65bfa000-65c00000 ---p 00000000 00:00 0 
65c00000-65cfa000 rwxp 00000000 00:00 0 
65cfa000-65d00000 ---p 00000000 00:00 0 
65d00000-65dfa000 rwxp 00000000 00:00 0 
65dfa000-65e00000 ---p 00000000 00:00 0 
65e00000-65ef9000 rwxp 00000000 00:00 0 
65ef9000-65f00000 ---p 00000000 00:00 0 
65f00000-65ffa000 rwxp 00000000 00:00 0 
65ffa000-66000000 ---p 00000000 00:00 0 
66000000-660fa000 rwxp 00000000 00:00 0 
660fa000-66100000 ---p 00000000 00:00 0 
66100000-661fa000 rwxp 00000000 00:00 0 
661fa000-66200000 ---p 00000000 00:00 0 
66200000-662f9000 rwxp 00000000 00:00 0 
662f9000-66300000 ---p 00000000 00:00 0 
66300000-663fa000 rwxp 00000000 00:00 0 
663fa000-66400000 ---p 00000000 00:00 0 
66400000-664fa000 rwxp 00000000 00:00 0 
664fa000-66500000 ---p 00000000 00:00 0 
66500000-665fa000 rwxp 00000000 00:00 0 
665fa000-66600000 ---p 00000000 00:00 0 
66600000-666fa000 rwxp 00000000 00:00 0 
666fa000-66700000 ---p 00000000 00:00 0 
66700000-667fa000 rwxp 00000000 00:00 0 
667fa000-66800000 ---p 00000000 00:00 0 
66800000-668fa000 rwxp 00000000 00:00 0 
668fa000-66900000 ---p 00000000 00:00 0 
66900000-669f9000 rwxp 00000000 00:00 0 
669f9000-66a00000 ---p 00000000 00:00 0 
66a00000-66afa000 rwxp 00000000 00:00 0 
66afa000-66b00000 ---p 00000000 00:00 0 
66b00000-66bfa000 rwxp 00000000 00:00 0 
66bfa000-66c00000 ---p 00000000 00:00 0 
66c00000-66cfa000 rwxp 00000000 00:00 0 
66cfa000-66d00000 ---p 00000000 00:00 0 
66d00000-66df9000 rwxp 00000000 00:00 0 
66df9000-66e00000 ---p 00000000 00:00 0 
66e00000-66efa000 rwxp 00000000 00:00 0 
66efa000-66f00000 ---p 00000000 00:00 0 
66f00000-66ffa000 rwxp 00000000 00:00 0 
66ffa000-67000000 ---p 00000000 00:00 0 
67000000-670f9000 rwxp 00000000 00:00 0 
670f9000-67100000 ---p 00000000 00:00 0 
67100000-671fa000 rwxp 00000000 00:00 0 
671fa000-67200000 ---p 00000000 00:00 0 
67200000-672fa000 rwxp 00000000 00:00 0 
672fa000-67300000 ---p 00000000 00:00 0 
67300000-673fa000 rwxp 00000000 00:00 0 
673fa000-67400000 ---p 00000000 00:00 0 
67400000-674fa000 rwxp 00000000 00:00 0 
674fa000-67500000 ---p 00000000 00:00 0 
67500000-675fa000 rwxp 00000000 00:00 0 
675fa000-67600000 ---p 00000000 00:00 0 
67600000-676fa000 rwxp 00000000 00:00 0 
676fa000-67700000 ---p 00000000 00:00 0 
67700000-677f9000 rwxp 00000000 00:00 0 
677f9000-67800000 ---p 00000000 00:00 0 
67800000-678f9000 rwxp 00000000 00:00 0 
678f9000-67900000 ---p 00000000 00:00 0 
67900000-679fa000 rwxp 00000000 00:00 0 
679fa000-67a00000 ---p 00000000 00:00 0 
67a00000-67af9000 rwxp 00000000 00:00 0 
67af9000-67b00000 ---p 00000000 00:00 0 
67b00000-67bf9000 rwxp 00000000 00:00 0 
67bf9000-67c00000 ---p 00000000 00:00 0 
67c00000-67cf9000 rwxp 00000000 00:00 0 
67cf9000-67d00000 ---p 00000000 00:00 0 
67d00000-67df9000 rwxp 00000000 00:00 0 
67df9000-67e00000 ---p 00000000 00:00 0 
67e00000-67ef9000 rwxp 00000000 00:00 0 
67ef9000-67f00000 ---p 00000000 00:00 0 
67f00000-67ff9000 rwxp 00000000 00:00 0 
67ff9000-68000000 ---p 00000000 00:00 0 
68000000-680f9000 rwxp 00000000 00:00 0 
680f9000-68100000 ---p 00000000 00:00 0 
68100000-681f9000 rwxp 00000000 00:00 0 
681f9000-68200000 ---p 00000000 00:00 0 
68200000-682f9000 rwxp 00000000 00:00 0 
682f9000-68300000 ---p 00000000 00:00 0 
68300000-683f9000 rwxp 00000000 00:00 0 
683f9000-68400000 ---p 00000000 00:00 0 
68400000-684f9000 rwxp 00000000 00:00 0 
684f9000-68500000 ---p 00000000 00:00 0 
68500000-685f9000 rwxp 00000000 00:00 0 
685f9000-68600000 ---p 00000000 00:00 0 
68600000-686f9000 rwxp 00000000 00:00 0 
686f9000-68700000 ---p 00000000 00:00 0 
68700000-687f9000 rwxp 00000000 00:00 0 
687f9000-68800000 ---p 00000000 00:00 0 
68800000-688f9000 rwxp 00000000 00:00 0 
688f9000-68900000 ---p 00000000 00:00 0 
68900000-689f9000 rwxp 00000000 00:00 0 
689f9000-68a00000 ---p 00000000 00:00 0 
68a00000-68afc000 rwxp 00000000 00:00 0 
68afc000-68b00000 ---p 00000000 00:00 0 
68b00000-68bf9000 rwxp 00000000 00:00 0 
68bf9000-68c00000 ---p 00000000 00:00 0 
68c00000-68cf9000 rwxp 00000000 00:00 0 
68cf9000-68d00000 ---p 00000000 00:00 0 
68d00000-68df9000 rwxp 00000000 00:00 0 
68df9000-68e00000 ---p 00000000 00:00 0 
68e00000-68ef9000 rwxp 00000000 00:00 0 
68ef9000-68f00000 ---p 00000000 00:00 0 
68f00000-68ff9000 rwxp 00000000 00:00 0 
68ff9000-69000000 ---p 00000000 00:00 0 
69000000-690fe000 rwxp 00000000 00:00 0 
690fe000-69100000 ---p 00000000 00:00 0 
69100000-691fc000 rwxp 00000000 00:00 0 
691fc000-69200000 ---p 00000000 00:00 0 
69200000-692fa000 rwxp 00000000 00:00 0 
692fa000-69300000 ---p 00000000 00:00 0 
69300000-693fa000 rwxp 00000000 00:00 0 
693fa000-69400000 ---p 00000000 00:00 0 
69400000-694fa000 rwxp 00000000 00:00 0 
694fa000-69500000 ---p 00000000 00:00 0 
69500000-695f7000 rwxp 00000000 00:00 0 
695f7000-69600000 ---p 00000000 00:00 0 
69600000-696fc000 rwxp 00000000 00:00 0 
696fc000-69700000 ---p 00000000 00:00 0 
69700000-697f9000 rwxp 00000000 00:00 0 
697f9000-69800000 ---p 00000000 00:00 0 
69800000-69900000 rwxp 00000000 00:00 0 
69900000-69a00000 rwxp 00000000 00:00 0 
69a00000-69afa000 rwxp 00000000 00:00 0 
69afa000-69b00000 ---p 00000000 00:00 0 
69b0d000-69b10000 ---p 00000000 00:00 0 
69b10000-69b5e000 rwxp 00000000 00:00 0          [stack:3849]
69b5e000-69b61000 ---p 00000000 00:00 0 
69b61000-69baf000 rwxp 00000000 00:00 0          [stack:3848]
69baf000-69bb2000 ---p 00000000 00:00 0 
69bb2000-69c00000 rwxp 00000000 00:00 0 
69c00000-69cf9000 rwxp 00000000 00:00 0 
69cf9000-69d00000 ---p 00000000 00:00 0 
69d00000-69df9000 rwxp 00000000 00:00 0 
69df9000-69e00000 ---p 00000000 00:00 0 
69e00000-69efa000 rwxp 00000000 00:00 0 
69efa000-69f00000 ---p 00000000 00:00 0 
69f00000-69ffa000 rwxp 00000000 00:00 0 
69ffa000-6a000000 ---p 00000000 00:00 0 
6a000000-6a0fa000 rwxp 00000000 00:00 0 
6a0fa000-6a100000 ---p 00000000 00:00 0 
6a100000-6a1f9000 rwxp 00000000 00:00 0 
6a1f9000-6a200000 ---p 00000000 00:00 0 
6a200000-6a2fa000 rwxp 00000000 00:00 0 
6a2fa000-6a300000 ---p 00000000 00:00 0 
6a300000-6a3fa000 rwxp 00000000 00:00 0 
6a3fa000-6a400000 ---p 00000000 00:00 0 
6a400000-6a4fa000 rwxp 00000000 00:00 0 
6a4fa000-6a500000 ---p 00000000 00:00 0 
6a500000-6a5f9000 rwxp 00000000 00:00 0 
6a5f9000-6a600000 ---p 00000000 00:00 0 
6a600000-6a6fa000 rwxp 00000000 00:00 0 
6a6fa000-6a700000 ---p 00000000 00:00 0 
6a700000-6a7f9000 rwxp 00000000 00:00 0 
6a7f9000-6a800000 ---p 00000000 00:00 0 
6a80d000-6a810000 ---p 00000000 00:00 0 
6a810000-6a85e000 rwxp 00000000 00:00 0          [stack:3846]
6a85e000-6a861000 ---p 00000000 00:00 0 
6a861000-6a8af000 rwxp 00000000 00:00 0          [stack:3845]
6a8af000-6a8b2000 ---p 00000000 00:00 0 
6a8b2000-6a900000 rwxp 00000000 00:00 0          [stack:3844]
6a900000-6a9f9000 rwxp 00000000 00:00 0 
6a9f9000-6aa00000 ---p 00000000 00:00 0 
6aa00000-6aaf9000 rwxp 00000000 00:00 0 
6aaf9000-6ab00000 ---p 00000000 00:00 0 
6ab06000-6ab0b000 r-xp 00000000 08:07 12063959   /usr/lib/i386-linux-gnu/libXdmcp.so.6.0.0
6ab0b000-6ab0c000 r-xp 00004000 08:07 12063959   /usr/lib/i386-linux-gnu/libXdmcp.so.6.0.0
6ab0c000-6ab0d000 rwxp 00005000 08:07 12063959   /usr/lib/i386-linux-gnu/libXdmcp.so.6.0.0
6ab0d000-6ab10000 ---p 00000000 00:00 0 
6ab10000-6ab5e000 rwxp 00000000 00:00 0          [stack:3843]
6ab5e000-6ab61000 ---p 00000000 00:00 0 
6ab61000-6abaf000 rwxp 00000000 00:00 0          [stack:3842]
6abaf000-6abb2000 ---p 00000000 00:00 0 
6abb2000-6ac00000 rwxp 00000000 00:00 0          [stack:3841]
6ac00000-6acf9000 rwxp 00000000 00:00 0 
6acf9000-6ad00000 ---p 00000000 00:00 0 
6ad00000-6adf9000 rwxp 00000000 00:00 0 
6adf9000-6ae00000 ---p 00000000 00:00 0 
6ae00000-6aef9000 rwxp 00000000 00:00 0 
6aef9000-6af00000 ---p 00000000 00:00 0 
6af00000-6aff9000 rwxp 00000000 00:00 0 
6aff9000-6b000000 ---p 00000000 00:00 0 
6b000000-6b0f9000 rwxp 00000000 00:00 0 
6b0f9000-6b100000 ---p 00000000 00:00 0 
6b100000-6b1f9000 rwxp 00000000 00:00 0 
6b1f9000-6b200000 ---p 00000000 00:00 0 
6b200000-6b2fe000 rwxp 00000000 00:00 0 
6b2fe000-6b300000 ---p 00000000 00:00 0 
6b300000-6b3f9000 rwxp 00000000 00:00 0 
6b3f9000-6b400000 ---p 00000000 00:00 0 
6b400000-6b500000 rwxp 00000000 00:00 0 
6b505000-6b507000 r-xp 00000000 08:07 12063948   /usr/lib/i386-linux-gnu/libXau.so.6.0.0
6b507000-6b508000 r-xp 00001000 08:07 12063948   /usr/lib/i386-linux-gnu/libXau.so.6.0.0
6b508000-6b509000 rwxp 00002000 08:07 12063948   /usr/lib/i386-linux-gnu/libXau.so.6.0.0
6b509000-6b50e000 r-xp 00000000 08:07 12063989   /usr/lib/i386-linux-gnu/libXtst.so.6.1.0
6b50e000-6b50f000 r-xp 00004000 08:07 12063989   /usr/lib/i386-linux-gnu/libXtst.so.6.1.0
6b50f000-6b510000 rwxp 00005000 08:07 12063989   /usr/lib/i386-linux-gnu/libXtst.so.6.1.0
6b526000-6b529000 ---p 00000000 00:00 0 
6b529000-6b577000 rwxp 00000000 00:00 0          [stack:3829]
6b577000-6b57f000 r-xs 00115000 08:07 12069695   /usr/lib/jvm/java-6-oracle/jre/lib/resources.jar
6b57f000-6b591000 r-xs 00110000 08:07 11015510   /home/luqiao/.m2/repository/org/projectlombok/lombok/1.14.8/lombok-1.14.8.jar
6b591000-6b594000 r-xs 00018000 08:07 9571899    /home/luqiao/.m2/repository/commons-beanutils/commons-beanutils/20030211.134440/commons-beanutils-20030211.134440.jar
6b594000-6b599000 r-xs 00041000 08:07 9178375    /home/luqiao/.m2/repository/commons-lang/commons-lang/2.6/commons-lang-2.6.jar
6b599000-6b5a0000 r-xs 0003a000 08:07 9178439    /home/luqiao/.m2/repository/commons-codec/commons-codec/1.8/commons-codec-1.8.jar
6b5a0000-6b5a4000 r-xs 0005c000 08:07 9448829    /home/luqiao/.m2/repository/com/alibaba/shared/toolkit.common.lang/1.0/toolkit.common.lang-1.0.jar
6b5a4000-6b5cd000 r-xs 001ee000 08:07 9448836    /home/luqiao/.m2/repository/com/google/guava/guava/14.0.1/guava-14.0.1.jar
6b5cd000-6b5cf000 r-xs 00006000 08:07 5509070    /home/luqiao/.m2/repository/org/apache/geronimo/specs/geronimo-stax-api_1.0_spec/1.0.1/geronimo-stax-api_1.0_spec-1.0.1.jar
6b5cf000-6b5d1000 r-xs 00005000 08:07 11929707   /home/luqiao/.m2/repository/stax/stax-api/1.0.1/stax-api-1.0.1.jar
6b5d1000-6b5d8000 r-xs 00079000 08:07 11928311   /home/luqiao/.m2/repository/org/codehaus/woodstox/wstx-asl/3.2.7/wstx-asl-3.2.7.jar
6b5d8000-6b5de000 r-xs 00038000 08:07 5636224    /home/luqiao/.m2/repository/org/apache/solr/solr-solrj/1.4.0/solr-solrj-1.4.0.jar
6b5de000-6b5e0000 r-xs 00005000 08:07 9451128    /home/luqiao/.m2/repository/org/apache/httpcomponents/httpmime/4.2.3/httpmime-4.2.3.jar
6b5e0000-6b5e6000 r-xs 00031000 08:07 9451125    /home/luqiao/.m2/repository/org/apache/httpcomponents/httpcore/4.2.2/httpcore-4.2.2.jar
6b5e6000-6b5ef000 r-xs 00061000 08:07 9313568    /home/luqiao/.m2/repository/org/apache/httpcomponents/httpclient/4.2.3/httpclient-4.2.3.jar
6b5ef000-6b5f0000 r-xs 00004000 08:07 11534414   /home/luqiao/.m2/repository/org/restlet/jee/org.restlet.ext.servlet/2.1.1/org.restlet.ext.servlet-2.1.1.jar
6b5f0000-6b5fa000 r-xs 000a8000 08:07 11405131   /home/luqiao/.m2/repository/org/restlet/jee/org.restlet/2.1.1/org.restlet-2.1.1.jar
6b5fa000-6b600000 r-xs 0002c000 08:07 5509906    /home/luqiao/.m2/repository/org/apache/lucene/lucene-queries/4.3.0/lucene-queries-4.3.0.jar
6b600000-6b6fc000 rwxp 00000000 00:00 0 
6b6fc000-6b700000 ---p 00000000 00:00 0 
6b700000-6b7ff000 rwxp 00000000 00:00 0 
6b7ff000-6b800000 ---p 00000000 00:00 0 
6b800000-6b8fb000 rwxp 00000000 00:00 0 
6b8fb000-6b900000 ---p 00000000 00:00 0 
6b900000-6ba00000 rwxp 00000000 00:00 0 
6ba00000-6baf9000 rwxp 00000000 00:00 0 
6baf9000-6bb00000 ---p 00000000 00:00 0 
6bb00000-6bbfe000 rwxp 00000000 00:00 0 
6bbfe000-6bc00000 ---p 00000000 00:00 0 
6bc00000-6bcff000 rwxp 00000000 00:00 0 
6bcff000-6bd00000 ---p 00000000 00:00 0 
6bd00000-6bdf9000 rwxp 00000000 00:00 0 
6bdf9000-6be00000 ---p 00000000 00:00 0 
6be00000-6bef4000 rwxp 00000000 00:00 0 
6bef4000-6bf00000 ---p 00000000 00:00 0 
6bf00000-6c000000 rwxp 00000000 00:00 0 
6c000000-6c0f0000 rwxp 00000000 00:00 0 
6c0f0000-6c100000 ---p 00000000 00:00 0 
6c100000-6c1fb000 rwxp 00000000 00:00 0 
6c1fb000-6c200000 ---p 00000000 00:00 0 
6c200000-6c2f2000 rwxp 00000000 00:00 0 
6c2f2000-6c300000 ---p 00000000 00:00 0 
6c300000-6c3ed000 rwxp 00000000 00:00 0 
6c3ed000-6c400000 ---p 00000000 00:00 0 
6c400000-6c4e4000 rwxp 00000000 00:00 0 
6c4e4000-6c500000 ---p 00000000 00:00 0 
6c500000-6c5fd000 rwxp 00000000 00:00 0 
6c5fd000-6c600000 ---p 00000000 00:00 0 
6c600000-6c6fc000 rwxp 00000000 00:00 0 
6c6fc000-6c700000 ---p 00000000 00:00 0 
6c700000-6c702000 r-xs 00009000 08:07 9179190    /home/luqiao/.m2/repository/commons-cli/commons-cli/1.2/commons-cli-1.2.jar
6c702000-6c705000 r-xs 00018000 08:07 5509905    /home/luqiao/.m2/repository/org/apache/lucene/lucene-grouping/4.3.0/lucene-grouping-4.3.0.jar
6c705000-6c708000 r-xs 00020000 08:07 5509904    /home/luqiao/.m2/repository/org/apache/lucene/lucene-suggest/4.3.0/lucene-suggest-4.3.0.jar
6c708000-6c70a000 r-xs 0000f000 08:07 11405441   /home/luqiao/.m2/repository/com/spatial4j/spatial4j/0.3/spatial4j-0.3.jar
6c70a000-6c70d000 r-xs 00014000 08:07 5509903    /home/luqiao/.m2/repository/org/apache/lucene/lucene-spatial/4.3.0/lucene-spatial-4.3.0.jar
6c70d000-6c716000 r-xs 00056000 08:07 5509902    /home/luqiao/.m2/repository/org/apache/lucene/lucene-queryparser/4.3.0/lucene-queryparser-4.3.0.jar
6c716000-6c719000 r-xs 00014000 08:07 5509901    /home/luqiao/.m2/repository/org/apache/lucene/lucene-misc/4.3.0/lucene-misc-4.3.0.jar
6c719000-6c71a000 r-xs 00008000 08:07 5509900    /home/luqiao/.m2/repository/org/apache/lucene/lucene-memory/4.3.0/lucene-memory-4.3.0.jar
6c71a000-6c71e000 r-xs 0001b000 08:07 5509899    /home/luqiao/.m2/repository/org/apache/lucene/lucene-highlighter/4.3.0/lucene-highlighter-4.3.0.jar
6c71e000-6c71f000 r-xs 00005000 08:07 5509898    /home/luqiao/.m2/repository/org/apache/lucene/lucene-analyzers-phonetic/4.3.0/lucene-analyzers-phonetic-4.3.0.jar
6c71f000-6c721000 r-xs 00446000 08:07 5508608    /home/luqiao/.m2/repository/org/apache/lucene/lucene-analyzers-kuromoji/4.3.0/lucene-analyzers-kuromoji-4.3.0.jar
6c721000-6c731000 r-xs 0016e000 08:07 5509896    /home/luqiao/.m2/repository/org/apache/lucene/lucene-analyzers-common/4.3.0/lucene-analyzers-common-4.3.0.jar
6c731000-6c737000 r-xs 00043000 08:07 5509895    /home/luqiao/.m2/repository/org/apache/lucene/lucene-codecs/4.3.0/lucene-codecs-4.3.0.jar
6c737000-6c75c000 r-xs 001f7000 08:07 5508601    /home/luqiao/.m2/repository/org/apache/lucene/lucene-core/4.3.0/lucene-core-4.3.0.jar
6c75c000-6c77b000 r-xs 001f8000 08:07 9313636    /home/luqiao/.m2/repository/org/apache/solr/solr-core/4.3.0/solr-core-4.3.0.jar
6c77b000-6c77d000 r-xs 000aa000 08:07 9313643    /home/luqiao/.m2/repository/com/chenlb/mmseg4j/mmseg4j-core/1.10.0/mmseg4j-core-1.10.0.jar
6c77d000-6c77e000 r-xs 00003000 08:07 9313629    /home/luqiao/.m2/repository/com/chenlb/mmseg4j/mmseg4j-solr/2.0.0/mmseg4j-solr-2.0.0.jar
6c77e000-6c784000 r-xs 00045000 08:07 9175673    /home/luqiao/.m2/repository/commons-httpclient/commons-httpclient/3.1/commons-httpclient-3.1.jar
6c784000-6c786000 r-xs 0000a000 08:07 8785584    /home/luqiao/.m2/repository/org/ow2/asm/asm/4.0/asm-4.0.jar
6c786000-6c78e000 r-xs 000c7000 08:07 11797961   /home/luqiao/.m2/repository/mysql/mysql-connector-java/5.1.24/mysql-connector-java-5.1.24.jar
6c78e000-6c79b000 r-xs 0009e000 08:07 3675352    /home/luqiao/.m2/repository/org/mybatis/mybatis/3.2.2/mybatis-3.2.2.jar
6c79b000-6c79d000 r-xs 0000a000 08:07 3675351    /home/luqiao/.m2/repository/org/mybatis/mybatis-spring/1.2.0/mybatis-spring-1.2.0.jar
6c79d000-6c79f000 r-xs 0000e000 08:07 11801453   /home/luqiao/.m2/repository/commons-pool/commons-pool/1.3/commons-pool-1.3.jar
6c79f000-6c7a1000 r-xs 0001c000 08:07 9572053    /home/luqiao/.m2/repository/commons-dbcp/commons-dbcp/1.2.2/commons-dbcp-1.2.2.jar
6c7a1000-6c7a4000 r-xs 00011000 08:07 3151390    /home/luqiao/.m2/repository/com/alibaba/citrus/sample/petstore-dal/1.0/petstore-dal-1.0.jar
6c7a4000-6c7ac000 r-xs 00096000 08:07 11801456   /home/luqiao/.m2/repository/hsqldb/hsqldb/1.8.0.7/hsqldb-1.8.0.7.jar
6c7ac000-6c7b4000 r-xs 00056000 08:07 11929848   /home/luqiao/.m2/repository/org/apache/ibatis/ibatis-sqlmap/2.3.4.726/ibatis-sqlmap-2.3.4.726.jar
6c7b4000-6c7be000 r-xs 0005d000 08:07 9178523    /home/luqiao/.m2/repository/ch/qos/logback/logback-core/1.0.13/logback-core-1.0.13.jar
6c7be000-6c7c4000 r-xs 0003b000 08:07 9178477    /home/luqiao/.m2/repository/ch/qos/logback/logback-classic/1.0.13/logback-classic-1.0.13.jar
6c7c4000-6c7d5000 r-xs 000e8000 08:07 3811297    /home/luqiao/.m2/repository/org/freemarker/freemarker/2.3.20/freemarker-2.3.20.jar
6c7d5000-6c7e3000 r-xs 0007f000 08:07 9175684    /home/luqiao/.m2/repository/commons-collections/commons-collections/3.2.1/commons-collections-3.2.1.jar
6c7e3000-6c7eb000 r-xs 00066000 08:07 9175671    /home/luqiao/.m2/repository/org/apache/velocity/velocity/1.7/velocity-1.7.jar
6c7eb000-6c7f7000 r-xs 00090000 08:07 3415906    /home/luqiao/.m2/repository/org/springframework/spring-webmvc/3.2.4.RELEASE/spring-webmvc-3.2.4.RELEASE.jar
6c7f7000-6c800000 r-xs 00056000 08:07 3415903    /home/luqiao/.m2/repository/org/springframework/spring-orm/3.2.4.RELEASE/spring-orm-3.2.4.RELEASE.jar
6c800000-6c8fd000 rwxp 00000000 00:00 0 
6c8fd000-6c900000 ---p 00000000 00:00 0 
6c900000-6c902000 r-xs 00008000 08:07 4464881    /home/luqiao/.m2/repository/com/alibaba/citrus/sample/petstore-biz/1.0/petstore-biz-1.0.jar
6c902000-6c904000 r-xs 00003000 08:07 9175378    /home/luqiao/.m2/repository/org/slf4j/jcl-over-slf4j/1.7.5/jcl-over-slf4j-1.7.5.jar
6c904000-6c906000 r-xs 00005000 08:07 9175330    /home/luqiao/.m2/repository/org/slf4j/slf4j-api/1.7.5/slf4j-api-1.7.5.jar
6c906000-6c90f000 r-xs 0005a000 08:07 3283907    /home/luqiao/.m2/repository/org/springframework/spring-jdbc/3.2.4.RELEASE/spring-jdbc-3.2.4.RELEASE.jar
6c90f000-6c917000 r-xs 00034000 08:07 3283903    /home/luqiao/.m2/repository/org/springframework/spring-tx/3.2.4.RELEASE/spring-tx-3.2.4.RELEASE.jar
6c917000-6c91b000 r-xs 0001c000 08:07 3151386    /home/luqiao/.m2/repository/org/springframework/spring-context-support/3.2.4.RELEASE/spring-context-support-3.2.4.RELEASE.jar
6c91b000-6c929000 r-xs 0008b000 08:07 3151383    /home/luqiao/.m2/repository/org/springframework/spring-web/3.2.4.RELEASE/spring-web-3.2.4.RELEASE.jar
6c929000-6c92e000 r-xs 0002c000 08:07 11930886   /home/luqiao/.m2/repository/org/springframework/spring-expression/3.2.4.RELEASE/spring-expression-3.2.4.RELEASE.jar
6c92e000-6c942000 r-xs 000bf000 08:07 11930883   /home/luqiao/.m2/repository/org/springframework/spring-context/3.2.4.RELEASE/spring-context-3.2.4.RELEASE.jar
6c942000-6c94e000 r-xs 00089000 08:07 11930873   /home/luqiao/.m2/repository/org/springframework/spring-beans/3.2.4.RELEASE/spring-beans-3.2.4.RELEASE.jar
6c94e000-6c960000 r-xs 000c3000 08:07 11930867   /home/luqiao/.m2/repository/org/springframework/spring-core/3.2.4.RELEASE/spring-core-3.2.4.RELEASE.jar
6c960000-6c9c4000 r-xs 005b1000 08:07 11930607   /home/luqiao/.m2/repository/org/codehaus/groovy/groovy-all/2.1.7/groovy-all-2.1.7.jar
6c9c4000-6ca00000 r-xs 00259000 08:07 11930870   /home/luqiao/.m2/repository/com/alibaba/citrus/citrus-webx-all/3.2.2/citrus-webx-all-3.2.2.jar
6ca00000-6cba7000 rwxp 00000000 00:00 0 
6cba7000-6cc00000 ---p 00000000 00:00 0 
6cc00000-6ccf9000 rwxp 00000000 00:00 0 
6ccf9000-6cd00000 ---p 00000000 00:00 0 
6cd00000-6cdfd000 rwxp 00000000 00:00 0 
6cdfd000-6ce00000 ---p 00000000 00:00 0 
6ce00000-6cef6000 rwxp 00000000 00:00 0 
6cef6000-6cf00000 ---p 00000000 00:00 0 
6cf00000-6cffe000 rwxp 00000000 00:00 0 
6cffe000-6d000000 ---p 00000000 00:00 0 
6d000000-6d0e7000 rwxp 00000000 00:00 0 
6d0e7000-6d100000 ---p 00000000 00:00 0 
6d100000-6d1fe000 rwxp 00000000 00:00 0 
6d1fe000-6d200000 ---p 00000000 00:00 0 
6d200000-6d300000 rwxp 00000000 00:00 0 
6d300000-6d3ea000 rwxp 00000000 00:00 0 
6d3ea000-6d400000 ---p 00000000 00:00 0 
6d400000-6d4fc000 rwxp 00000000 00:00 0 
6d4fc000-6d500000 ---p 00000000 00:00 0 
6d500000-6d5fa000 rwxp 00000000 00:00 0 
6d5fa000-6d600000 ---p 00000000 00:00 0 
6d600000-6d601000 r-xs 00004000 08:07 11930219   /home/luqiao/.m2/repository/com/esotericsoftware/reflectasm/reflectasm/1.07/reflectasm-1.07.jar
6d601000-6d603000 r-xs 00000000 08:07 11929770   /home/luqiao/.m2/repository/aopalliance/aopalliance/1.0/aopalliance-1.0.jar
6d603000-6d60b000 r-xs 0004a000 08:07 11930877   /home/luqiao/.m2/repository/org/springframework/spring-aop/3.2.4.RELEASE/spring-aop-3.2.4.RELEASE.jar
6d60b000-6d610000 r-xs 00052000 08:07 11930606   /home/luqiao/.m2/repository/com/alibaba/fastjson/1.1.36/fastjson-1.1.36.jar
6d610000-6d614000 r-xs 0002a000 08:07 11277099   /home/luqiao/.m2/repository/commons-io/commons-io/2.4/commons-io-2.4.jar
6d614000-6d616000 r-xs 0000f000 08:07 11930866   /home/luqiao/.m2/repository/commons-fileupload/commons-fileupload/1.3/commons-fileupload-1.3.jar
6d616000-6d61e000 r-xs 00057000 08:07 11929852   /home/luqiao/.m2/repository/ecs/ecs/1.4.2/ecs-1.4.2.jar
6d61e000-6d623000 r-xs 00048000 08:07 9311409    /home/luqiao/.m2/repository/dom4j/dom4j/1.6.1/dom4j-1.6.1.jar
6d623000-6d629000 r-xs 0004a000 08:07 11929728   /home/luqiao/.m2/repository/cglib/cglib-nodep/2.2.2/cglib-nodep-2.2.2.jar
6d629000-6d62f000 r-xs 0003c000 08:07 11929812   /home/luqiao/.m2/repository/org/apache/commons/commons-jexl/2.1.1/commons-jexl-2.1.1.jar
6d62f000-6d636000 r-xs 00000000 08:07 12070450   /usr/lib/i386-linux-gnu/gconv/gconv-modules.cache
6d636000-6d64a000 r-xp 00000000 08:07 1705012    /usr/share/locale-langpack/zh_CN/LC_MESSAGES/libc.mo
6d64a000-6d659000 r-xs 0019c000 08:07 5509092    /home/luqiao/.m2/repository/org/eclipse/jetty/orbit/org.eclipse.jdt.core/3.7.1/org.eclipse.jdt.core-3.7.1.jar
6d659000-6d65c000 r-xs 0001d000 08:07 5509091    /home/luqiao/.m2/repository/org/eclipse/jetty/orbit/com.sun.el/2.2.0.v201108011116/com.sun.el-2.2.0.v201108011116.jar
6d65c000-6d65e000 r-xs 0000b000 08:07 5509090    /home/luqiao/.m2/repository/org/eclipse/jetty/orbit/javax.el/2.2.0.v201108011116/javax.el-2.2.0.v201108011116.jar
6d65e000-6d666000 r-xs 00061000 08:07 5509089    /home/luqiao/.m2/repository/org/eclipse/jetty/orbit/org.apache.taglibs.standard.glassfish/1.2.0.v201112081803/org.apache.taglibs.standard.glassfish-1.2.0.v201112081803.jar
6d666000-6d668000 r-xs 0000b000 08:07 5509088    /home/luqiao/.m2/repository/org/eclipse/jetty/orbit/javax.servlet.jsp.jstl/1.2.0.v201105211821/javax.servlet.jsp.jstl-1.2.0.v201105211821.jar
6d668000-6d66f000 r-xs 0008a000 08:07 5509087    /home/luqiao/.m2/repository/org/eclipse/jetty/orbit/org.apache.jasper.glassfish/2.2.2.v201112011158/org.apache.jasper.glassfish-2.2.2.v201112011158.jar
6d66f000-6d671000 r-xs 00018000 08:07 5508974    /home/luqiao/.m2/repository/org/eclipse/jetty/orbit/javax.servlet.jsp/2.2.0.v201112011158/javax.servlet.jsp-2.2.0.v201112011158.jar
6d671000-6d672000 r-xs 00000000 08:07 11801091   /home/luqiao/.m2/repository/org/eclipse/jetty/jetty-jsp/8.1.13.v20130916/jetty-jsp-8.1.13.v20130916.jar
6d672000-6d674000 r-xs 00016000 08:07 5508973    /home/luqiao/.m2/repository/org/eclipse/jetty/jetty-http/8.1.13.v20130916/jetty-http-8.1.13.v20130916.jar
6d674000-6d677000 r-xs 00017000 08:07 5508972    /home/luqiao/.m2/repository/org/eclipse/jetty/jetty-io/8.1.13.v20130916/jetty-io-8.1.13.v20130916.jar
6d677000-6d67a000 r-xs 0001c000 08:07 5508971    /home/luqiao/.m2/repository/org/eclipse/jetty/jetty-websocket/8.1.13.v20130916/jetty-websocket-8.1.13.v20130916.jar
6d67a000-6d67f000 r-xs 00032000 08:07 5508970    /home/luqiao/.m2/repository/org/eclipse/jetty/orbit/org.objectweb.asm/3.1.0.v200803061910/org.objectweb.asm-3.1.0.v200803061910.jar
6d67f000-6d681000 r-xs 00005000 08:07 5508969    /home/luqiao/.m2/repository/org/eclipse/jetty/orbit/javax.annotation/1.1.0.v201108011116/javax.annotation-1.1.0.v201108011116.jar
6d681000-6d683000 r-xs 00011000 08:07 5508968    /home/luqiao/.m2/repository/org/eclipse/jetty/jetty-annotations/8.1.13.v20130916/jetty-annotations-8.1.13.v20130916.jar
6d683000-6d685000 r-xs 00005000 08:07 5508967    /home/luqiao/.m2/repository/org/eclipse/jetty/jetty-jmx/8.1.13.v20130916/jetty-jmx-8.1.13.v20130916.jar
6d685000-6d687000 r-xs 0000c000 08:07 5508966    /home/luqiao/.m2/repository/org/eclipse/jetty/orbit/javax.activation/1.1.0.v201105071233/javax.activation-1.1.0.v201105071233.jar
6d687000-6d68d000 r-xs 00072000 08:07 5508965    /home/luqiao/.m2/repository/org/eclipse/jetty/orbit/javax.mail.glassfish/1.4.1.v201005082020/javax.mail.glassfish-1.4.1.v201005082020.jar
6d68d000-6d68f000 r-xs 00004000 08:07 5508964    /home/luqiao/.m2/repository/org/eclipse/jetty/jetty-continuation/8.1.13.v20130916/jetty-continuation-8.1.13.v20130916.jar
6d68f000-6d692000 r-xs 0002e000 08:07 5508963    /home/luqiao/.m2/repository/org/eclipse/jetty/orbit/javax.servlet/3.0.0.v201112011016/javax.servlet-3.0.0.v201112011016.jar
6d692000-6d698000 r-xs 00051000 08:07 5508962    /home/luqiao/.m2/repository/org/eclipse/jetty/jetty-server/8.1.13.v20130916/jetty-server-8.1.13.v20130916.jar
6d698000-6d699000 r-xs 00009000 08:07 5508961    /home/luqiao/.m2/repository/org/eclipse/jetty/jetty-jndi/8.1.13.v20130916/jetty-jndi-8.1.13.v20130916.jar
6d699000-6d69b000 r-xs 00006000 08:07 5508960    /home/luqiao/.m2/repository/org/eclipse/jetty/orbit/javax.transaction/1.1.1.v201105210645/javax.transaction-1.1.1.v201105210645.jar
6d69b000-6d69d000 r-xs 00013000 08:07 5508959    /home/luqiao/.m2/repository/org/eclipse/jetty/jetty-plus/8.1.13.v20130916/jetty-plus-8.1.13.v20130916.jar
6d69d000-6d6a1000 r-xs 0003a000 08:07 9587597    /home/luqiao/.m2/repository/net/sf/jtidy/jtidy/r938/jtidy-r938.jar
6d6a1000-6d6a3000 r-xs 0000c000 08:07 11930675   /home/luqiao/.m2/repository/org/apache/maven/plugin-tools/maven-plugin-tools-api/2.9/maven-plugin-tools-api-2.9.jar
6d6a3000-6d6a5000 r-xs 00002000 08:07 9178493    /home/luqiao/.m2/repository/org/sonatype/plexus/plexus-cipher/1.4/plexus-cipher-1.4.jar
6d6a5000-6d6a6000 r-xs 00006000 08:07 9178492    /home/luqiao/.m2/repository/org/sonatype/plexus/plexus-sec-dispatcher/1.3/plexus-sec-dispatcher-1.3.jar
6d6a6000-6d6a8000 r-xs 0000d000 08:07 9179906    /home/luqiao/.m2/repository/org/codehaus/plexus/plexus-interpolation/1.14/plexus-interpolation-1.14.jar
6d6a8000-6d6ac000 r-xs 0001a000 08:07 9587596    /home/luqiao/.m2/repository/org/sonatype/aether/aether-util/1.11/aether-util-1.11.jar
6d6ac000-6d6b0000 r-xs 00033000 08:07 9179905    /home/luqiao/.m2/repository/org/codehaus/plexus/plexus-utils/2.0.6/plexus-utils-2.0.6.jar
6d6b0000-6d6bc000 r-xs 0006b000 08:07 9587595    /home/luqiao/.m2/repository/org/sonatype/sisu/sisu-guice/2.9.4/sisu-guice-2.9.4-no_aop.jar
6d6bc000-6d6c2000 r-xs 00033000 08:07 9587594    /home/luqiao/.m2/repository/org/sonatype/sisu/sisu-inject-bean/2.1.1/sisu-inject-bean-2.1.1.jar
6d6c2000-6d6c4000 r-xs 00014000 08:07 5508958    /home/luqiao/.m2/repository/org/eclipse/jetty/jetty-security/8.1.13.v20130916/jetty-security-8.1.13.v20130916.jar
6d6c4000-6d6c7000 r-xs 00017000 08:07 5508957    /home/luqiao/.m2/repository/org/eclipse/jetty/jetty-servlet/8.1.13.v20130916/jetty-servlet-8.1.13.v20130916.jar
6d6c7000-6d6c9000 r-xs 00019000 08:07 5508955    /home/luqiao/.m2/repository/org/eclipse/jetty/jetty-webapp/8.1.13.v20130916/jetty-webapp-8.1.13.v20130916.jar
6d6c9000-6d6ce000 r-xs 00042000 08:07 5378579    /home/luqiao/.m2/repository/org/eclipse/jetty/jetty-util/8.1.13.v20130916/jetty-util-8.1.13.v20130916.jar
6d6ce000-6d6d0000 r-xs 00011000 08:07 9178359    /home/luqiao/.m2/repository/org/mortbay/jetty/jetty-maven-plugin/8.1.13.v20130916/jetty-maven-plugin-8.1.13.v20130916.jar
6d6d0000-6d6d2000 r-xs 00002000 08:07 9179573    /home/luqiao/.m2/repository/org/apache/ant/ant-launcher/1.8.2/ant-launcher-1.8.2.jar
6d6d2000-6d6f0000 r-xs 001bb000 08:07 9179569    /home/luqiao/.m2/repository/org/apache/ant/ant/1.8.2/ant-1.8.2.jar
6d6f0000-6d6f2000 r-xs 00007000 08:07 9179897    /home/luqiao/.m2/repository/org/codehaus/plexus/plexus-interpolation/1.1/plexus-interpolation-1.1.jar
6d6f2000-6d700000 r-xs 0008f000 08:07 9179864    /home/luqiao/.m2/repository/com/google/collections/google-collections/1.0/google-collections-1.0.jar
6d700000-6d7de000 rwxp 00000000 00:00 0 
6d7de000-6d800000 ---p 00000000 00:00 0 
6d800000-6d8fa000 rwxp 00000000 00:00 0 
6d8fa000-6d900000 ---p 00000000 00:00 0 
6d900000-6d9f4000 rwxp 00000000 00:00 0 
6d9f4000-6da00000 ---p 00000000 00:00 0 
6da00000-6db00000 rwxp 00000000 00:00 0 
6db00000-6dbfc000 rwxp 00000000 00:00 0 
6dbfc000-6dc00000 ---p 00000000 00:00 0 
6dc00000-6dcfd000 rwxp 00000000 00:00 0 
6dcfd000-6dd00000 ---p 00000000 00:00 0 
6dd00000-6ddfb000 rwxp 00000000 00:00 0 
6ddfb000-6de00000 ---p 00000000 00:00 0 
6de00000-6defa000 rwxp 00000000 00:00 0 
6defa000-6df00000 ---p 00000000 00:00 0 
6df00000-6dffd000 rwxp 00000000 00:00 0 
6dffd000-6e000000 ---p 00000000 00:00 0 
6e000000-6e001000 r-xs 00009000 08:07 5508956    /home/luqiao/.m2/repository/org/eclipse/jetty/jetty-xml/8.1.13.v20130916/jetty-xml-8.1.13.v20130916.jar
6e001000-6e002000 r-xs 00007000 08:07 9178124    /home/luqiao/.m2/repository/org/apache/maven/plugins/maven-antrun-plugin/1.7/maven-antrun-plugin-1.7.jar
6e002000-6e005000 r-xs 0001b000 08:07 8915123    /home/luqiao/.m2/repository/junit/junit/3.8.2/junit-3.8.2.jar
6e005000-6e006000 r-xs 0000a000 08:07 9179860    /home/luqiao/.m2/repository/commons-logging/commons-logging-api/1.1/commons-logging-api-1.1.jar
6e006000-6e00d000 r-xs 00051000 08:07 9310429    /home/luqiao/.m2/repository/log4j/log4j/1.2.12/log4j-1.2.12.jar
6e00d000-6e011000 r-xs 0001d000 08:07 8786621    /home/luqiao/.m2/repository/org/apache/xbean/xbean-reflect/3.4/xbean-reflect-3.4.jar
6e011000-6e012000 r-xs 00004000 08:07 11800891   /home/luqiao/.m2/repository/org/codehaus/plexus/plexus-compiler-javac/2.2/plexus-compiler-javac-2.2.jar
6e012000-6e014000 r-xs 00000000 08:07 11671100   /home/luqiao/.m2/repository/org/codehaus/plexus/plexus-compiler-manager/2.2/plexus-compiler-manager-2.2.jar
6e014000-6e016000 r-xs 00005000 08:07 11013590   /home/luqiao/.m2/repository/org/codehaus/plexus/plexus-compiler-api/2.2/plexus-compiler-api-2.2.jar
6e016000-6e018000 r-xs 00000000 08:07 5508740    /home/luqiao/.m2/repository/org/codehaus/plexus/plexus-component-annotations/1.5.5/plexus-component-annotations-1.5.5.jar
6e018000-6e01a000 r-xs 00002000 08:07 9179776    /home/luqiao/.m2/repository/org/apache/maven/shared/maven-shared-incremental/1.1/maven-shared-incremental-1.1.jar
6e01a000-6e01c000 r-xs 00006000 08:07 3151350    /home/luqiao/.m2/repository/com/google/code/findbugs/jsr305/2.0.1/jsr305-2.0.1.jar
6e01c000-6e01f000 r-xs 00023000 08:07 9179768    /home/luqiao/.m2/repository/org/apache/maven/shared/maven-shared-utils/0.1/maven-shared-utils-0.1.jar
6e01f000-6e023000 r-xs 00030000 08:07 9179652    /home/luqiao/.m2/repository/org/codehaus/plexus/plexus-utils/1.5.1/plexus-utils-1.5.1.jar
6e023000-6e025000 r-xs 00009000 08:07 8786741    /home/luqiao/.m2/repository/org/apache/maven/plugins/maven-compiler-plugin/3.1/maven-compiler-plugin-3.1.jar
6e025000-6e027000 r-xs 0000d000 08:07 9178110    /home/luqiao/.m2/repository/org/codehaus/plexus/plexus-interpolation/1.13/plexus-interpolation-1.13.jar
6e027000-6e028000 r-xs 00001000 08:07 9178097    /home/luqiao/.m2/repository/org/sonatype/plexus/plexus-build-api/0.0.4/plexus-build-api-0.0.4.jar
6e028000-6e02c000 r-xs 00033000 08:07 9178095    /home/luqiao/.m2/repository/org/codehaus/plexus/plexus-utils/2.0.5/plexus-utils-2.0.5.jar
6e02c000-6e02f000 ---p 00000000 00:00 0 
6e02f000-6e07d000 rwxp 00000000 00:00 0          [stack:3827]
6e07d000-6e07e000 ---p 00000000 00:00 0 
6e07e000-6e0fe000 rwxp 00000000 00:00 0          [stack:3818]
6e0fe000-6e101000 ---p 00000000 00:00 0 
6e101000-6e17f000 rwxp 00000000 00:00 0          [stack:3816]
6e17f000-6e182000 ---p 00000000 00:00 0 
6e182000-6e200000 rwxp 00000000 00:00 0          [stack:3815]
6e200000-6e221000 rwxp 00000000 00:00 0 
6e221000-6e300000 ---p 00000000 00:00 0 
6e300000-6e302000 r-xs 00009000 08:07 9451635    /home/luqiao/.m2/repository/org/apache/maven/shared/maven-filtering/1.0/maven-filtering-1.0.jar
6e302000-6e305000 r-xs 0001b000 08:07 8916155    /home/luqiao/.m2/repository/junit/junit/3.8.1/junit-3.8.1.jar
6e305000-6e306000 r-xs 00001000 08:07 9178518    /home/luqiao/.m2/repository/org/apache/maven/doxia/doxia-sink-api/1.0-alpha-7/doxia-sink-api-1.0-alpha-7.jar
6e306000-6e308000 r-xs 00005000 08:07 8915025    /home/luqiao/.m2/repository/org/apache/maven/plugins/maven-resources-plugin/2.5/maven-resources-plugin-2.5.jar
6e308000-6e30d000 r-xs 00040000 08:07 11801339   /home/luqiao/.m2/repository/org/beanshell/bsh/2.0b4/bsh-2.0b4.jar
6e30d000-6e310000 ---p 00000000 00:00 0 
6e310000-6e35e000 rwxp 00000000 00:00 0          [stack:3817]
6e35e000-6e361000 ---p 00000000 00:00 0 
6e361000-6e3af000 rwxp 00000000 00:00 0          [stack:3811]
6e3af000-6e3b2000 ---p 00000000 00:00 0 
6e3b2000-6e400000 rwxp 00000000 00:00 0          [stack:3810]
6e400000-6e44f000 rwxp 00000000 00:00 0 
6e44f000-6e500000 ---p 00000000 00:00 0 
6e500000-6e501000 r-xs 00002000 08:07 9178516    /home/luqiao/.m2/repository/org/apache/maven/reporting/maven-reporting-api/2.0.6/maven-reporting-api-2.0.6.jar
6e501000-6e502000 r-xs 00002000 08:07 11801350   /home/luqiao/.m2/repository/org/codehaus/plexus/plexus-i18n/1.0-beta-6/plexus-i18n-1.0-beta-6.jar
6e502000-6e504000 r-xs 00007000 08:07 11801349   /home/luqiao/.m2/repository/org/apache/maven/shared/maven-dependency-tree/1.2/maven-dependency-tree-1.2.jar
6e504000-6e506000 r-xs 00006000 08:07 11801340   /home/luqiao/.m2/repository/org/apache/maven/shared/maven-common-artifact-filters/1.2/maven-common-artifact-filters-1.2.jar
6e506000-6e508000 r-xs 0000d000 08:07 11801343   /home/luqiao/.m2/repository/org/apache/maven/enforcer/enforcer-rules/1.0/enforcer-rules-1.0.jar
6e508000-6e509000 r-xs 00002000 08:07 11671123   /home/luqiao/.m2/repository/org/apache/maven/enforcer/enforcer-api/1.0/enforcer-api-1.0.jar
6e509000-6e50d000 r-xs 00038000 08:07 9587720    /home/luqiao/.m2/repository/commons-lang/commons-lang/2.3/commons-lang-2.3.jar
6e50d000-6e512000 r-xs 0003d000 08:07 9179937    /home/luqiao/.m2/repository/org/codehaus/plexus/plexus-utils/1.5.8/plexus-utils-1.5.8.jar
6e512000-6e514000 r-xs 00002000 08:07 9178490    /home/luqiao/.m2/repository/org/codehaus/plexus/plexus-interactivity-api/1.0-alpha-4/plexus-interactivity-api-1.0-alpha-4.jar
6e514000-6e516000 r-xs 00006000 08:07 9177137    /home/luqiao/.m2/repository/commons-cli/commons-cli/1.0/commons-cli-1.0.jar
6e516000-6e517000 r-xs 00002000 08:07 11277310   /home/luqiao/.m2/repository/org/apache/maven/doxia/doxia-sink-api/1.0-alpha-10/doxia-sink-api-1.0-alpha-10.jar
6e517000-6e51e000 r-xp 00000000 08:07 789131     /usr/lib/jvm/java-6-oracle/jre/lib/i386/libnio.so
6e51e000-6e51f000 rwxp 00006000 08:07 789131     /usr/lib/jvm/java-6-oracle/jre/lib/i386/libnio.so
6e51f000-6e533000 r-xp 00000000 08:07 789102     /usr/lib/jvm/java-6-oracle/jre/lib/i386/libnet.so
6e533000-6e534000 rwxp 00013000 08:07 789102     /usr/lib/jvm/java-6-oracle/jre/lib/i386/libnet.so
6e534000-6e544000 r-xs 000b2000 08:07 10748171   /opt/springsource/sts-3.1.0.RELEASE/configuration/org.eclipse.osgi/bundles/1764/1/.cp/netty-3.2.5.Final.jar
6e544000-6e547000 ---p 00000000 00:00 0 
6e547000-6e595000 rwxp 00000000 00:00 0          [stack:3809]
6e595000-6e598000 ---p 00000000 00:00 0 
6e598000-6e5e6000 rwxp 00000000 00:00 0          [stack:3807]
6e5e6000-6e5e7000 ---p 00000000 00:00 0 
6e5e7000-6e667000 rwxp 00000000 00:00 0          [stack:3803]
6e667000-6e800000 r-xs 03087000 08:07 12069664   /usr/lib/jvm/java-6-oracle/jre/lib/rt.jar
6e800000-6e821000 rwxp 00000000 00:00 0 
6e821000-6e900000 ---p 00000000 00:00 0 
6e900000-6e901000 r-xs 00002000 08:07 11801485   /home/luqiao/.m2/repository/org/apache/maven/reporting/maven-reporting-api/2.0.9/maven-reporting-api-2.0.9.jar
6e901000-6e903000 r-xs 00004000 08:07 8787486    /home/luqiao/.m2/repository/org/apache/maven/plugins/maven-enforcer-plugin/1.0/maven-enforcer-plugin-1.0.jar
6e903000-6e904000 r-xp 00000000 00:00 0 
6e904000-6e90b000 r-xs 0004d000 08:07 10748060   /opt/springsource/sts-3.1.0.RELEASE/configuration/org.eclipse.osgi/bundles/945/1/.cp/async-http-client-1.6.5.jar
6e90b000-6e90c000 r-xs 00002000 08:07 10748021   /opt/springsource/sts-3.1.0.RELEASE/configuration/org.eclipse.osgi/bundles/1478/1/.cp/jars/wagon-file-2.2.jar
6e90c000-6e90d000 r-xs 00004000 08:07 10748020   /opt/springsource/sts-3.1.0.RELEASE/configuration/org.eclipse.osgi/bundles/1478/1/.cp/jars/wagon-ahc-1.2.1.jar
6e90d000-6e910000 r-xs 0001d000 08:07 10748018   /opt/springsource/sts-3.1.0.RELEASE/configuration/org.eclipse.osgi/bundles/1478/1/.cp/jars/aether-impl-1.13.1.jar
6e910000-6e92e000 r-xs 00151000 08:07 10748014   /opt/springsource/sts-3.1.0.RELEASE/configuration/org.eclipse.osgi/bundles/1478/1/.cp/jars/guava-10.0.1.jar
6e92e000-6e931000 ---p 00000000 00:00 0 
6e931000-6e97f000 rwxp 00000000 00:00 0          [stack:3805]
6e97f000-6e980000 ---p 00000000 00:00 0 
6e980000-6ea00000 rwxp 00000000 00:00 0          [stack:3801]
6ea00000-6ea21000 rwxp 00000000 00:00 0 
6ea21000-6eb00000 ---p 00000000 00:00 0 
6eb00000-6ebfb000 rwxp 00000000 00:00 0 
6ebfb000-6ec00000 ---p 00000000 00:00 0 
6ec00000-6ec02000 r-xs 0000b000 08:07 10748019   /opt/springsource/sts-3.1.0.RELEASE/configuration/org.eclipse.osgi/bundles/1478/1/.cp/jars/aether-connector-asynchttpclient-1.13.1.jar
6ec02000-6ec03000 r-xs 00003000 08:07 10748017   /opt/springsource/sts-3.1.0.RELEASE/configuration/org.eclipse.osgi/bundles/1478/1/.cp/jars/aether-spi-1.13.1.jar
6ec03000-6ec05000 r-xs 00006000 08:07 10748016   /opt/springsource/sts-3.1.0.RELEASE/configuration/org.eclipse.osgi/bundles/1478/1/.cp/jars/aether-connector-wagon-1.13.1.jar
6ec05000-6ec0d000 r-xs 00050000 08:07 10748013   /opt/springsource/sts-3.1.0.RELEASE/configuration/org.eclipse.osgi/bundles/1478/1/.cp/jars/sisu-guice-3.1.0-no_aop.jar
6ec0d000-6ec10000 r-xs 000cc000 08:07 397144     /usr/lib/jvm/java-6-oracle/jre/lib/ext/localedata.jar
6ec10000-6ec12000 r-xs 00003000 08:07 10748012   /opt/springsource/sts-3.1.0.RELEASE/configuration/org.eclipse.osgi/bundles/1478/1/.cp/jars/guice-plexus-lifecycles-2.3.0.jar
6ec12000-6ec14000 r-xs 00003000 08:07 10748011   /opt/springsource/sts-3.1.0.RELEASE/configuration/org.eclipse.osgi/bundles/1478/1/.cp/jars/guice-plexus-scanners-2.3.0.jar
6ec14000-6ec15000 r-xs 00001000 08:07 10748010   /opt/springsource/sts-3.1.0.RELEASE/configuration/org.eclipse.osgi/bundles/1478/1/.cp/jars/guice-bean-inject-2.3.0.jar
6ec15000-6ec17000 r-xs 00005000 08:07 10748009   /opt/springsource/sts-3.1.0.RELEASE/configuration/org.eclipse.osgi/bundles/1478/1/.cp/jars/guice-plexus-binders-2.3.0.jar
6ec17000-6ec19000 r-xs 00002000 08:07 10748008   /opt/springsource/sts-3.1.0.RELEASE/configuration/org.eclipse.osgi/bundles/1478/1/.cp/jars/guice-plexus-locators-2.3.0.jar
6ec19000-6ec1b000 r-xs 00001000 08:07 10748007   /opt/springsource/sts-3.1.0.RELEASE/configuration/org.eclipse.osgi/bundles/1478/1/.cp/jars/guice-plexus-converters-2.3.0.jar
6ec1b000-6ec1d000 r-xs 00002000 08:07 10748006   /opt/springsource/sts-3.1.0.RELEASE/configuration/org.eclipse.osgi/bundles/1478/1/.cp/jars/guice-plexus-metadata-2.3.0.jar
6ec1d000-6ec1f000 r-xs 00000000 08:07 10748005   /opt/springsource/sts-3.1.0.RELEASE/configuration/org.eclipse.osgi/bundles/1478/1/.cp/jars/guice-bean-converters-2.3.0.jar
6ec1f000-6ec21000 r-xs 00013000 08:07 10748004   /opt/springsource/sts-3.1.0.RELEASE/configuration/org.eclipse.osgi/bundles/1478/1/.cp/jars/guice-bean-scanners-2.3.0.jar
6ec21000-6ec23000 r-xs 00009000 08:07 10748003   /opt/springsource/sts-3.1.0.RELEASE/configuration/org.eclipse.osgi/bundles/1478/1/.cp/jars/guice-bean-binders-2.3.0.jar
6ec23000-6ec26000 r-xs 0000b000 08:07 10748002   /opt/springsource/sts-3.1.0.RELEASE/configuration/org.eclipse.osgi/bundles/1478/1/.cp/jars/guice-bean-locators-2.3.0.jar
6ec26000-6ec28000 r-xs 0000e000 08:07 10748001   /opt/springsource/sts-3.1.0.RELEASE/configuration/org.eclipse.osgi/bundles/1478/1/.cp/jars/guice-bean-reflect-2.3.0.jar
6ec28000-6ec29000 r-xs 00000000 08:07 10748000   /opt/springsource/sts-3.1.0.RELEASE/configuration/org.eclipse.osgi/bundles/1478/1/.cp/jars/javax.inject-1.jar
6ec29000-6ec2e000 r-xs 00019000 08:07 10747999   /opt/springsource/sts-3.1.0.RELEASE/configuration/org.eclipse.osgi/bundles/1478/1/.cp/jars/guice-plexus-shim-2.3.0.jar
6ec2e000-6ec31000 ---p 00000000 00:00 0 
6ec31000-6ec7f000 rwxp 00000000 00:00 0          [stack:3804]
6ec7f000-6ec80000 ---p 00000000 00:00 0 
6ec80000-6ed00000 rwxp 00000000 00:00 0          [stack:3800]
6ed00000-6edfb000 rwxp 00000000 00:00 0 
6edfb000-6ee00000 ---p 00000000 00:00 0 
6ee00000-6ee02000 r-xs 0000b000 08:07 10747998   /opt/springsource/sts-3.1.0.RELEASE/configuration/org.eclipse.osgi/bundles/1478/1/.cp/jars/wagon-provider-api-2.2.jar
6ee02000-6ee08000 r-xs 0003f000 08:07 10747997   /opt/springsource/sts-3.1.0.RELEASE/configuration/org.eclipse.osgi/bundles/1478/1/.cp/jars/maven-compat-3.0.4.jar
6ee08000-6ee0a000 r-xs 00009000 08:07 10747996   /opt/springsource/sts-3.1.0.RELEASE/configuration/org.eclipse.osgi/bundles/1478/1/.cp/jars/commons-cli-1.2.jar
6ee0a000-6ee0c000 r-xs 00002000 08:07 10747995   /opt/springsource/sts-3.1.0.RELEASE/configuration/org.eclipse.osgi/bundles/1478/1/.cp/jars/plexus-cipher-1.7.jar
6ee0c000-6ee0d000 r-xs 0000a000 08:07 10747994   /opt/springsource/sts-3.1.0.RELEASE/configuration/org.eclipse.osgi/bundles/1478/1/.cp/jars/maven-embedder-3.0.4.jar
6ee0d000-6ee0e000 r-xs 00006000 08:07 10747993   /opt/springsource/sts-3.1.0.RELEASE/configuration/org.eclipse.osgi/bundles/1478/1/.cp/jars/plexus-sec-dispatcher-1.3.jar
6ee0e000-6ee10000 r-xs 00000000 08:07 10747992   /opt/springsource/sts-3.1.0.RELEASE/configuration/org.eclipse.osgi/bundles/1478/1/.cp/jars/plexus-component-annotations-1.5.5.jar
6ee10000-6ee14000 r-xs 00033000 08:07 10747990   /opt/springsource/sts-3.1.0.RELEASE/configuration/org.eclipse.osgi/bundles/1478/1/.cp/jars/plexus-utils-2.0.6.jar
6ee14000-6ee16000 r-xs 0000d000 08:07 10747989   /opt/springsource/sts-3.1.0.RELEASE/configuration/org.eclipse.osgi/bundles/1478/1/.cp/jars/plexus-interpolation-1.14.jar
6ee16000-6ee1a000 r-xs 0001c000 08:07 10747988   /opt/springsource/sts-3.1.0.RELEASE/configuration/org.eclipse.osgi/bundles/1478/1/.cp/jars/aether-util-1.13.1.jar
6ee1a000-6ee1d000 r-xs 00013000 08:07 10747987   /opt/springsource/sts-3.1.0.RELEASE/configuration/org.eclipse.osgi/bundles/1478/1/.cp/jars/aether-api-1.13.1.jar
6ee1d000-6ee1f000 r-xs 0000c000 08:07 10747986   /opt/springsource/sts-3.1.0.RELEASE/configuration/org.eclipse.osgi/bundles/1478/1/.cp/jars/maven-aether-provider-3.0.4.jar
6ee1f000-6ee23000 r-xs 00021000 08:07 10747985   /opt/springsource/sts-3.1.0.RELEASE/configuration/org.eclipse.osgi/bundles/1478/1/.cp/jars/maven-model-builder-3.0.4.jar
6ee23000-6ee57000 rwxp 00000000 00:00 0 
6ee57000-6ee58000 ---p 00000000 00:00 0 
6ee58000-6eed8000 rwxp 00000000 00:00 0          [stack:3799]
6eed8000-6eed9000 ---p 00000000 00:00 0 
6eed9000-6ef93000 rwxp 00000000 00:00 0          [stack:3798]
6ef93000-6f0af000 rwxp 00000000 00:00 0 
6f0af000-6f0c3000 rwxp 00000000 00:00 0 
6f0c3000-6f0cf000 rwxp 00000000 00:00 0 
6f0cf000-6f109000 rwxp 00000000 00:00 0 
6f109000-6f224000 rwxp 00000000 00:00 0 
6f224000-6f2cf000 rwxp 00000000 00:00 0 
6f2cf000-71910000 rwxp 00000000 00:00 0 
71910000-732d0000 rwxp 00000000 00:00 0 
732d0000-7a4e0000 rwxp 00000000 00:00 0 
7a4e0000-9dd80000 rwxp 00000000 00:00 0 
9dd80000-b32d0000 rwxp 00000000 00:00 0 
b32d0000-b32d2000 r-xs 0000b000 08:07 10747984   /opt/springsource/sts-3.1.0.RELEASE/configuration/org.eclipse.osgi/bundles/1478/1/.cp/jars/maven-plugin-api-3.0.4.jar
b32d2000-b32d4000 r-xs 0000b000 08:07 10747983   /opt/springsource/sts-3.1.0.RELEASE/configuration/org.eclipse.osgi/bundles/1478/1/.cp/jars/maven-artifact-3.0.4.jar
b32d4000-b32d6000 r-xs 00006000 08:07 10747982   /opt/springsource/sts-3.1.0.RELEASE/configuration/org.eclipse.osgi/bundles/1478/1/.cp/jars/maven-repository-metadata-3.0.4.jar
b32d6000-b32d9000 r-xs 00008000 08:07 10747981   /opt/springsource/sts-3.1.0.RELEASE/configuration/org.eclipse.osgi/bundles/1478/1/.cp/jars/maven-settings-builder-3.0.4.jar
b32d9000-b32db000 r-xs 0000a000 08:07 10747980   /opt/springsource/sts-3.1.0.RELEASE/configuration/org.eclipse.osgi/bundles/1478/1/.cp/jars/maven-settings-3.0.4.jar
b32db000-b32f3000 rwxp 00000000 00:00 0 
b32f3000-b339b000 rwxp 00000000 00:00 0 
b339b000-b3963000 rwxp 00000000 00:00 0 
b3963000-b639b000 rwxp 00000000 00:00 0 
b639b000-b6500000 r-xp 001c8000 08:07 12067006   /usr/lib/locale/locale-archive
b6500000-b6700000 r-xp 00000000 08:07 12067006   /usr/lib/locale/locale-archive
b6700000-b67fd000 rwxp 00000000 00:00 0 
b67fd000-b6800000 ---p 00000000 00:00 0 
b6800000-b6802000 r-xs 00026000 08:07 10747979   /opt/springsource/sts-3.1.0.RELEASE/configuration/org.eclipse.osgi/bundles/1478/1/.cp/jars/maven-model-3.0.4.jar
b6802000-b6811000 r-xs 00667000 08:07 12069683   /usr/lib/jvm/java-6-oracle/jre/lib/charsets.jar
b6811000-b6825000 rwxp 00000000 00:00 0 
b6825000-b6831000 rwxp 00000000 00:00 0 
b6831000-b6840000 r-xp 00000000 08:07 789161     /usr/lib/jvm/java-6-oracle/jre/lib/i386/libzip.so
b6840000-b6842000 rwxp 0000e000 08:07 789161     /usr/lib/jvm/java-6-oracle/jre/lib/i386/libzip.so
b6842000-b684d000 r-xp 00000000 08:07 132036     /lib/i386-linux-gnu/libnss_files-2.19.so
b684d000-b684e000 r-xp 0000a000 08:07 132036     /lib/i386-linux-gnu/libnss_files-2.19.so
b684e000-b684f000 rwxp 0000b000 08:07 132036     /lib/i386-linux-gnu/libnss_files-2.19.so
b684f000-b6859000 r-xp 00000000 08:07 132071     /lib/i386-linux-gnu/libnss_nis-2.19.so
b6859000-b685a000 r-xp 00009000 08:07 132071     /lib/i386-linux-gnu/libnss_nis-2.19.so
b685a000-b685b000 rwxp 0000a000 08:07 132071     /lib/i386-linux-gnu/libnss_nis-2.19.so
b685b000-b6862000 r-xp 00000000 08:07 132040     /lib/i386-linux-gnu/libnss_compat-2.19.so
b6862000-b6863000 r-xp 00006000 08:07 132040     /lib/i386-linux-gnu/libnss_compat-2.19.so
b6863000-b6864000 rwxp 00007000 08:07 132040     /lib/i386-linux-gnu/libnss_compat-2.19.so
b6864000-b689e000 r-xp 00000000 08:07 789124     /usr/lib/jvm/java-6-oracle/jre/lib/i386/libjdwp.so
b689e000-b689f000 rwxp 00039000 08:07 789124     /usr/lib/jvm/java-6-oracle/jre/lib/i386/libjdwp.so
b689f000-b68b4000 r-xp 00000000 08:07 132066     /lib/i386-linux-gnu/libnsl-2.19.so
b68b4000-b68b5000 r-xp 00015000 08:07 132066     /lib/i386-linux-gnu/libnsl-2.19.so
b68b5000-b68b6000 rwxp 00016000 08:07 132066     /lib/i386-linux-gnu/libnsl-2.19.so
b68b6000-b68b8000 rwxp 00000000 00:00 0 
b68b8000-b68c4000 r-xs 0007d000 08:07 10747978   /opt/springsource/sts-3.1.0.RELEASE/configuration/org.eclipse.osgi/bundles/1478/1/.cp/jars/maven-core-3.0.4.jar
b68c4000-b68c6000 r-xs 0000a000 08:07 10747991   /opt/springsource/sts-3.1.0.RELEASE/configuration/org.eclipse.osgi/bundles/1478/1/.cp/jars/plexus-classworlds-2.4.jar
b68c6000-b68ce000 rwxs 00000000 08:07 3151466    /tmp/hsperfdata_luqiao/3790
b68ce000-b68f2000 r-xp 00000000 08:07 789112     /usr/lib/jvm/java-6-oracle/jre/lib/i386/libjava.so
b68f2000-b68f4000 rwxp 00023000 08:07 789112     /usr/lib/jvm/java-6-oracle/jre/lib/i386/libjava.so
b68f4000-b68fb000 r-xp 00000000 08:07 132061     /lib/i386-linux-gnu/librt-2.19.so
b68fb000-b68fc000 r-xp 00006000 08:07 132061     /lib/i386-linux-gnu/librt-2.19.so
b68fc000-b68fd000 rwxp 00007000 08:07 132061     /lib/i386-linux-gnu/librt-2.19.so
b68fd000-b6900000 ---p 00000000 00:00 0 
b6900000-b694e000 rwxp 00000000 00:00 0          [stack:3796]
b694e000-b6992000 r-xp 00000000 08:07 132067     /lib/i386-linux-gnu/libm-2.19.so
b6992000-b6993000 r-xp 00043000 08:07 132067     /lib/i386-linux-gnu/libm-2.19.so
b6993000-b6994000 rwxp 00044000 08:07 132067     /lib/i386-linux-gnu/libm-2.19.so
b6994000-b7149000 r-xp 00000000 08:07 789157     /usr/lib/jvm/java-6-oracle/jre/lib/i386/server/libjvm.so
b7149000-b719d000 rwxp 007b5000 08:07 789157     /usr/lib/jvm/java-6-oracle/jre/lib/i386/server/libjvm.so
b719d000-b75bd000 rwxp 00000000 00:00 0 
b75bd000-b7766000 r-xp 00000000 08:07 132110     /lib/i386-linux-gnu/libc-2.19.so
b7766000-b7767000 ---p 001a9000 08:07 132110     /lib/i386-linux-gnu/libc-2.19.so
b7767000-b7769000 r-xp 001a9000 08:07 132110     /lib/i386-linux-gnu/libc-2.19.so
b7769000-b776a000 rwxp 001ab000 08:07 132110     /lib/i386-linux-gnu/libc-2.19.so
b776a000-b776d000 rwxp 00000000 00:00 0 
b776d000-b7770000 r-xp 00000000 08:07 132134     /lib/i386-linux-gnu/libdl-2.19.so
b7770000-b7771000 r-xp 00002000 08:07 132134     /lib/i386-linux-gnu/libdl-2.19.so
b7771000-b7772000 rwxp 00003000 08:07 132134     /lib/i386-linux-gnu/libdl-2.19.so
b7772000-b7779000 r-xp 00000000 08:07 789121     /usr/lib/jvm/java-6-oracle/jre/lib/i386/jli/libjli.so
b7779000-b777b000 rwxp 00006000 08:07 789121     /usr/lib/jvm/java-6-oracle/jre/lib/i386/jli/libjli.so
b777b000-b7793000 r-xp 00000000 08:07 132132     /lib/i386-linux-gnu/libpthread-2.19.so
b7793000-b7794000 r-xp 00017000 08:07 132132     /lib/i386-linux-gnu/libpthread-2.19.so
b7794000-b7795000 rwxp 00018000 08:07 132132     /lib/i386-linux-gnu/libpthread-2.19.so
b7795000-b7798000 rwxp 00000000 00:00 0 
b7798000-b779b000 r-xp 00000000 08:07 789142     /usr/lib/jvm/java-6-oracle/jre/lib/i386/libdt_socket.so
b779b000-b779c000 rwxp 00003000 08:07 789142     /usr/lib/jvm/java-6-oracle/jre/lib/i386/libdt_socket.so
b779c000-b779f000 r-xp 00000000 08:07 789123     /usr/lib/jvm/java-6-oracle/jre/lib/i386/libnpt.so
b779f000-b77a0000 rwxp 00002000 08:07 789123     /usr/lib/jvm/java-6-oracle/jre/lib/i386/libnpt.so
b77a0000-b77a1000 rwxp 00000000 00:00 0 
b77a1000-b77a2000 r-xp 00000000 00:00 0 
b77a2000-b77ad000 r-xp 00000000 08:07 789117     /usr/lib/jvm/java-6-oracle/jre/lib/i386/libverify.so
b77ad000-b77ae000 rwxp 0000b000 08:07 789117     /usr/lib/jvm/java-6-oracle/jre/lib/i386/libverify.so
b77ae000-b77b0000 rwxp 00000000 00:00 0 
b77b0000-b77b1000 r-xp 00000000 00:00 0          [vdso]
b77b1000-b77d1000 r-xp 00000000 08:07 132133     /lib/i386-linux-gnu/ld-2.19.so
b77d1000-b77d2000 r-xp 0001f000 08:07 132133     /lib/i386-linux-gnu/ld-2.19.so
b77d2000-b77d3000 rwxp 00020000 08:07 132133     /lib/i386-linux-gnu/ld-2.19.so
bfd17000-bfd38000 rwxp 00000000 00:00 0          [stack]

VM Arguments:
jvm_args: -agentlib:jdwp=transport=dt_socket,suspend=y,address=localhost:41897 -Dmaven.home=EMBEDDED -Dclassworlds.conf=/home/luqiao/workspace/.metadata/.plugins/org.eclipse.m2e.launching/launches/m2conf6113089416586586590.tmp -Dmaven.bootclasspath=/opt/springsource/sts-3.1.0.RELEASE/configuration/org.eclipse.osgi/bundles/1478/1/.cp/jars/plexus-classworlds-2.4.jar -Dfile.encoding=GBK 
java_command: org.codehaus.plexus.classworlds.launcher.Launcher -B jetty:run -Djetty.port=8081
Launcher Type: SUN_STANDARD

Environment Variables:
JAVA_HOME=/opt/jdk
JRE_HOME=/opt/jdk/jre
CLASSPATH=:/opt/jdk/lib:/opt/jdk/jre/lib
PATH=/opt/jdk/bin:/opt/jdk/jre/bin:/opt/apache-maven-2.2.1/bin:/opt/jetty8/bin:/opt/springsource/sts-3.1.0.RELEASE:/usr/local/sbin:/usr/local/bin:/usr/sbin:/usr/bin:/sbin:/bin:/usr/games:/usr/local/games:/usr/lib/jvm/java-6-oracle/bin:/usr/lib/jvm/java-6-oracle/db/bin:/usr/lib/jvm/java-6-oracle/jre/bin
LD_LIBRARY_PATH=/usr/lib/jvm/java-6-oracle/jre/lib/i386/server:/usr/lib/jvm/java-6-oracle/jre/lib/i386:/usr/lib/jvm/java-6-oracle/jre/../lib/i386:/opt/jdk1.7.0_71/jre/lib/i386/client:/opt/jdk1.7.0_71/jre/lib/i386:
SHELL=/bin/bash
DISPLAY=:0

Signal Handlers:
SIGSEGV: [libjvm.so+0x7285f0], sa_mask[0]=0x7ffbfeff, sa_flags=0x10000004
SIGBUS: [libjvm.so+0x7285f0], sa_mask[0]=0x7ffbfeff, sa_flags=0x10000004
SIGFPE: [libjvm.so+0x5e21c0], sa_mask[0]=0x7ffbfeff, sa_flags=0x10000004
SIGPIPE: [libjvm.so+0x5e21c0], sa_mask[0]=0x7ffbfeff, sa_flags=0x10000004
SIGXFSZ: [libjvm.so+0x5e21c0], sa_mask[0]=0x7ffbfeff, sa_flags=0x10000004
SIGILL: [libjvm.so+0x5e21c0], sa_mask[0]=0x7ffbfeff, sa_flags=0x10000004
SIGUSR1: SIG_DFL, sa_mask[0]=0x00000000, sa_flags=0x00000000
SIGUSR2: [libjvm.so+0x5e5420], sa_mask[0]=0x00000004, sa_flags=0x10000004
SIGHUP: [libjvm.so+0x5e5000], sa_mask[0]=0x7ffbfeff, sa_flags=0x10000004
SIGINT: [libjvm.so+0x5e5000], sa_mask[0]=0x7ffbfeff, sa_flags=0x10000004
SIGTERM: [libjvm.so+0x5e5000], sa_mask[0]=0x7ffbfeff, sa_flags=0x10000004
SIGQUIT: [libjvm.so+0x5e5000], sa_mask[0]=0x7ffbfeff, sa_flags=0x10000004


---------------  S Y S T E M  ---------------

OS:jessie/sid

uname:Linux 3.13.0-36-generic #63-Ubuntu SMP Wed Sep 3 21:30:45 UTC 2014 i686
libc:glibc 2.19 NPTL 2.19 
rlimit: STACK 8192k, CORE 0k, NPROC 63673, NOFILE 4096, AS infinity
load average:0.69 0.63 0.66

/proc/meminfo:
MemTotal:        8169344 kB
MemFree:         4165008 kB
Buffers:          146152 kB
Cached:          1324364 kB
SwapCached:            0 kB
Active:          2824172 kB
Inactive:        1048696 kB
Active(anon):    2404788 kB
Inactive(anon):   327724 kB
Active(file):     419384 kB
Inactive(file):   720972 kB
Unevictable:          76 kB
Mlocked:              76 kB
HighTotal:       7358088 kB
HighFree:        3801788 kB
LowTotal:         811256 kB
LowFree:          363220 kB
SwapTotal:       7971836 kB
SwapFree:        7971836 kB
Dirty:               980 kB
Writeback:             0 kB
AnonPages:       2402916 kB
Mapped:           272804 kB
Shmem:            329748 kB
Slab:              80208 kB
SReclaimable:      56320 kB
SUnreclaim:        23888 kB
KernelStack:        5256 kB
PageTables:        20028 kB
NFS_Unstable:          0 kB
Bounce:                0 kB
WritebackTmp:          0 kB
CommitLimit:    12056508 kB
Committed_AS:    6561488 kB
VmallocTotal:     122880 kB
VmallocUsed:       20804 kB
VmallocChunk:      96876 kB
HardwareCorrupted:     0 kB
AnonHugePages:   1386496 kB
HugePages_Total:       0
HugePages_Free:        0
HugePages_Rsvd:        0
HugePages_Surp:        0
Hugepagesize:       2048 kB
DirectMap4k:       20472 kB
DirectMap2M:      890880 kB


CPU:total 4 (2 cores per cpu, 2 threads per core) family 6 model 42 stepping 7, cmov, cx8, fxsr, mmx, sse, sse2, sse3, ssse3, sse4.1, sse4.2, popcnt, ht

/proc/cpuinfo:
processor	: 0
vendor_id	: GenuineIntel
cpu family	: 6
model		: 42
model name	: Intel(R) Core(TM) i5-2450M CPU @ 2.50GHz
stepping	: 7
microcode	: 0x23
cpu MHz		: 800.000
cache size	: 3072 KB
physical id	: 0
siblings	: 4
core id		: 0
cpu cores	: 2
apicid		: 0
initial apicid	: 0
fdiv_bug	: no
f00f_bug	: no
coma_bug	: no
fpu		: yes
fpu_exception	: yes
cpuid level	: 13
wp		: yes
flags		: fpu vme de pse tsc msr pae mce cx8 apic sep mtrr pge mca cmov pat pse36 clflush dts acpi mmx fxsr sse sse2 ss ht tm pbe nx rdtscp lm constant_tsc arch_perfmon pebs bts xtopology nonstop_tsc aperfmperf eagerfpu pni pclmulqdq dtes64 monitor ds_cpl vmx est tm2 ssse3 cx16 xtpr pdcm pcid sse4_1 sse4_2 x2apic popcnt tsc_deadline_timer aes xsave avx lahf_lm ida arat epb xsaveopt pln pts dtherm tpr_shadow vnmi flexpriority ept vpid
bogomips	: 4984.05
clflush size	: 64
cache_alignment	: 64
address sizes	: 36 bits physical, 48 bits virtual
power management:

processor	: 1
vendor_id	: GenuineIntel
cpu family	: 6
model		: 42
model name	: Intel(R) Core(TM) i5-2450M CPU @ 2.50GHz
stepping	: 7
microcode	: 0x23
cpu MHz		: 800.000
cache size	: 3072 KB
physical id	: 0
siblings	: 4
core id		: 0
cpu cores	: 2
apicid		: 1
initial apicid	: 1
fdiv_bug	: no
f00f_bug	: no
coma_bug	: no
fpu		: yes
fpu_exception	: yes
cpuid level	: 13
wp		: yes
flags		: fpu vme de pse tsc msr pae mce cx8 apic sep mtrr pge mca cmov pat pse36 clflush dts acpi mmx fxsr sse sse2 ss ht tm pbe nx rdtscp lm constant_tsc arch_perfmon pebs bts xtopology nonstop_tsc aperfmperf eagerfpu pni pclmulqdq dtes64 monitor ds_cpl vmx est tm2 ssse3 cx16 xtpr pdcm pcid sse4_1 sse4_2 x2apic popcnt tsc_deadline_timer aes xsave avx lahf_lm ida arat epb xsaveopt pln pts dtherm tpr_shadow vnmi flexpriority ept vpid
bogomips	: 4984.05
clflush size	: 64
cache_alignment	: 64
address sizes	: 36 bits physical, 48 bits virtual
power management:

processor	: 2
vendor_id	: GenuineIntel
cpu family	: 6
model		: 42
model name	: Intel(R) Core(TM) i5-2450M CPU @ 2.50GHz
stepping	: 7
microcode	: 0x23
cpu MHz		: 800.000
cache size	: 3072 KB
physical id	: 0
siblings	: 4
core id		: 1
cpu cores	: 2
apicid		: 2
initial apicid	: 2
fdiv_bug	: no
f00f_bug	: no
coma_bug	: no
fpu		: yes
fpu_exception	: yes
cpuid level	: 13
wp		: yes
flags		: fpu vme de pse tsc msr pae mce cx8 apic sep mtrr pge mca cmov pat pse36 clflush dts acpi mmx fxsr sse sse2 ss ht tm pbe nx rdtscp lm constant_tsc arch_perfmon pebs bts xtopology nonstop_tsc aperfmperf eagerfpu pni pclmulqdq dtes64 monitor ds_cpl vmx est tm2 ssse3 cx16 xtpr pdcm pcid sse4_1 sse4_2 x2apic popcnt tsc_deadline_timer aes xsave avx lahf_lm ida arat epb xsaveopt pln pts dtherm tpr_shadow vnmi flexpriority ept vpid
bogomips	: 4984.05
clflush size	: 64
cache_alignment	: 64
address sizes	: 36 bits physical, 48 bits virtual
power management:

processor	: 3
vendor_id	: GenuineIntel
cpu family	: 6
model		: 42
model name	: Intel(R) Core(TM) i5-2450M CPU @ 2.50GHz
stepping	: 7
microcode	: 0x23
cpu MHz		: 800.000
cache size	: 3072 KB
physical id	: 0
siblings	: 4
core id		: 1
cpu cores	: 2
apicid		: 3
initial apicid	: 3
fdiv_bug	: no
f00f_bug	: no
coma_bug	: no
fpu		: yes
fpu_exception	: yes
cpuid level	: 13
wp		: yes
flags		: fpu vme de pse tsc msr pae mce cx8 apic sep mtrr pge mca cmov pat pse36 clflush dts acpi mmx fxsr sse sse2 ss ht tm pbe nx rdtscp lm constant_tsc arch_perfmon pebs bts xtopology nonstop_tsc aperfmperf eagerfpu pni pclmulqdq dtes64 monitor ds_cpl vmx est tm2 ssse3 cx16 xtpr pdcm pcid sse4_1 sse4_2 x2apic popcnt tsc_deadline_timer aes xsave avx lahf_lm ida arat epb xsaveopt pln pts dtherm tpr_shadow vnmi flexpriority ept vpid
bogomips	: 4984.05
clflush size	: 64
cache_alignment	: 64
address sizes	: 36 bits physical, 48 bits virtual
power management:



Memory: 4k page, physical 8169344k(4165008k free), swap 7971836k(7971836k free)

vm_info: Java HotSpot(TM) Server VM (20.45-b01) for linux-x86 JRE (1.6.0_45-b06), built on Mar 26 2013 13:50:03 by "java_re" with gcc 3.2.1-7a (J2SE release)

time: Fri Jan 16 19:47:32 2015
elapsed time: 710 seconds

